{"/Users/lakshaymalhotra/Documents/workspace/comp-lib/src/components/Avatar/index.styles.ts": {"path":"/Users/lakshaymalhotra/Documents/workspace/comp-lib/src/components/Avatar/index.styles.ts","all":false,"statementMap":{"0":{"start":{"line":1,"column":0},"end":{"line":1,"column":39}},"1":{"start":{"line":2,"column":0},"end":{"line":2,"column":0}},"2":{"start":{"line":3,"column":0},"end":{"line":3,"column":22}},"3":{"start":{"line":4,"column":0},"end":{"line":4,"column":18}},"4":{"start":{"line":5,"column":0},"end":{"line":5,"column":19}},"5":{"start":{"line":6,"column":0},"end":{"line":6,"column":20}},"6":{"start":{"line":7,"column":0},"end":{"line":7,"column":26}},"7":{"start":{"line":8,"column":0},"end":{"line":8,"column":21}},"8":{"start":{"line":9,"column":0},"end":{"line":9,"column":26}},"9":{"start":{"line":10,"column":0},"end":{"line":10,"column":28}},"10":{"start":{"line":11,"column":0},"end":{"line":11,"column":1}},"11":{"start":{"line":12,"column":0},"end":{"line":12,"column":0}},"12":{"start":{"line":13,"column":0},"end":{"line":13,"column":44}},"13":{"start":{"line":14,"column":0},"end":{"line":14,"column":70}},"14":{"start":{"line":15,"column":0},"end":{"line":15,"column":37}},"15":{"start":{"line":16,"column":0},"end":{"line":16,"column":39}},"16":{"start":{"line":17,"column":0},"end":{"line":17,"column":41}},"17":{"start":{"line":18,"column":0},"end":{"line":18,"column":37}},"18":{"start":{"line":19,"column":0},"end":{"line":19,"column":27}},"19":{"start":{"line":20,"column":0},"end":{"line":20,"column":39}},"20":{"start":{"line":21,"column":0},"end":{"line":21,"column":52}},"21":{"start":{"line":22,"column":0},"end":{"line":22,"column":21}},"22":{"start":{"line":23,"column":0},"end":{"line":23,"column":0}},"23":{"start":{"line":24,"column":0},"end":{"line":24,"column":9}},"24":{"start":{"line":25,"column":0},"end":{"line":25,"column":20}},"25":{"start":{"line":26,"column":0},"end":{"line":26,"column":21}},"26":{"start":{"line":27,"column":0},"end":{"line":27,"column":21}},"27":{"start":{"line":28,"column":0},"end":{"line":28,"column":27}},"28":{"start":{"line":29,"column":0},"end":{"line":29,"column":26}},"29":{"start":{"line":30,"column":0},"end":{"line":30,"column":37}},"30":{"start":{"line":31,"column":0},"end":{"line":31,"column":69}},"31":{"start":{"line":32,"column":0},"end":{"line":32,"column":5}},"32":{"start":{"line":33,"column":0},"end":{"line":33,"column":2}},"33":{"start":{"line":34,"column":0},"end":{"line":34,"column":0}},"34":{"start":{"line":35,"column":0},"end":{"line":35,"column":28}}},"s":{"0":1,"1":1,"2":1,"3":1,"4":1,"5":1,"6":1,"7":1,"8":1,"9":1,"10":1,"11":1,"12":1,"13":1,"14":1,"15":1,"16":1,"17":1,"18":1,"19":1,"20":1,"21":1,"22":1,"23":1,"24":1,"25":1,"26":1,"27":1,"28":1,"29":1,"30":1,"31":1,"32":1,"33":1,"34":1},"branchMap":{},"b":{},"fnMap":{"0":{"name":"Object.<anonymous>._default","decl":{"start":{"line":14,"column":15},"end":{"line":14,"column":69}},"loc":{"start":{"line":14,"column":15},"end":{"line":14,"column":69}},"line":14},"1":{"name":"Object.<anonymous>._default","decl":{"start":{"line":15,"column":14},"end":{"line":15,"column":36}},"loc":{"start":{"line":15,"column":14},"end":{"line":15,"column":36}},"line":15},"2":{"name":"Object.<anonymous>._default","decl":{"start":{"line":16,"column":15},"end":{"line":16,"column":38}},"loc":{"start":{"line":16,"column":15},"end":{"line":16,"column":38}},"line":16},"3":{"name":"Object.<anonymous>._default","decl":{"start":{"line":17,"column":16},"end":{"line":17,"column":40}},"loc":{"start":{"line":17,"column":16},"end":{"line":17,"column":40}},"line":17},"4":{"name":"Object.<anonymous>._default","decl":{"start":{"line":18,"column":14},"end":{"line":18,"column":36}},"loc":{"start":{"line":18,"column":14},"end":{"line":18,"column":36}},"line":18},"5":{"name":"Object.<anonymous>._default","decl":{"start":{"line":20,"column":15},"end":{"line":20,"column":38}},"loc":{"start":{"line":20,"column":15},"end":{"line":20,"column":38}},"line":20},"6":{"name":"Object.<anonymous>._default","decl":{"start":{"line":21,"column":22},"end":{"line":21,"column":51}},"loc":{"start":{"line":21,"column":22},"end":{"line":21,"column":51}},"line":21}},"f":{"0":0,"1":0,"2":0,"3":0,"4":0,"5":0,"6":0}}
,"/Users/lakshaymalhotra/Documents/workspace/comp-lib/src/components/Button/index.styles.ts": {"path":"/Users/lakshaymalhotra/Documents/workspace/comp-lib/src/components/Button/index.styles.ts","all":false,"statementMap":{"0":{"start":{"line":1,"column":0},"end":{"line":1,"column":39}},"1":{"start":{"line":2,"column":0},"end":{"line":2,"column":0}},"2":{"start":{"line":3,"column":0},"end":{"line":3,"column":22}},"3":{"start":{"line":4,"column":0},"end":{"line":4,"column":18}},"4":{"start":{"line":5,"column":0},"end":{"line":5,"column":19}},"5":{"start":{"line":6,"column":0},"end":{"line":6,"column":20}},"6":{"start":{"line":7,"column":0},"end":{"line":7,"column":19}},"7":{"start":{"line":8,"column":0},"end":{"line":8,"column":25}},"8":{"start":{"line":9,"column":0},"end":{"line":9,"column":18}},"9":{"start":{"line":10,"column":0},"end":{"line":10,"column":20}},"10":{"start":{"line":11,"column":0},"end":{"line":11,"column":22}},"11":{"start":{"line":12,"column":0},"end":{"line":12,"column":1}},"12":{"start":{"line":13,"column":0},"end":{"line":13,"column":0}},"13":{"start":{"line":14,"column":0},"end":{"line":14,"column":47}},"14":{"start":{"line":15,"column":0},"end":{"line":15,"column":71}},"15":{"start":{"line":16,"column":0},"end":{"line":16,"column":37}},"16":{"start":{"line":17,"column":0},"end":{"line":17,"column":39}},"17":{"start":{"line":18,"column":0},"end":{"line":18,"column":41}},"18":{"start":{"line":19,"column":0},"end":{"line":19,"column":37}},"19":{"start":{"line":20,"column":0},"end":{"line":20,"column":34}},"20":{"start":{"line":21,"column":0},"end":{"line":21,"column":52}},"21":{"start":{"line":22,"column":0},"end":{"line":22,"column":39}},"22":{"start":{"line":23,"column":0},"end":{"line":23,"column":52}},"23":{"start":{"line":24,"column":0},"end":{"line":24,"column":2}},"24":{"start":{"line":25,"column":0},"end":{"line":25,"column":0}},"25":{"start":{"line":26,"column":0},"end":{"line":26,"column":28}}},"s":{"0":1,"1":1,"2":1,"3":1,"4":1,"5":1,"6":1,"7":1,"8":1,"9":1,"10":1,"11":1,"12":1,"13":1,"14":1,"15":1,"16":1,"17":1,"18":1,"19":1,"20":1,"21":1,"22":1,"23":1,"24":1,"25":1},"branchMap":{},"b":{},"fnMap":{"0":{"name":"Object.<anonymous>._default","decl":{"start":{"line":15,"column":15},"end":{"line":15,"column":70}},"loc":{"start":{"line":15,"column":15},"end":{"line":15,"column":70}},"line":15},"1":{"name":"Object.<anonymous>._default","decl":{"start":{"line":16,"column":14},"end":{"line":16,"column":36}},"loc":{"start":{"line":16,"column":14},"end":{"line":16,"column":36}},"line":16},"2":{"name":"Object.<anonymous>._default","decl":{"start":{"line":17,"column":15},"end":{"line":17,"column":38}},"loc":{"start":{"line":17,"column":15},"end":{"line":17,"column":38}},"line":17},"3":{"name":"Object.<anonymous>._default","decl":{"start":{"line":18,"column":16},"end":{"line":18,"column":40}},"loc":{"start":{"line":18,"column":16},"end":{"line":18,"column":40}},"line":18},"4":{"name":"Object.<anonymous>._default","decl":{"start":{"line":19,"column":14},"end":{"line":19,"column":36}},"loc":{"start":{"line":19,"column":14},"end":{"line":19,"column":36}},"line":19},"5":{"name":"Object.<anonymous>._default","decl":{"start":{"line":20,"column":25},"end":{"line":21,"column":51}},"loc":{"start":{"line":20,"column":25},"end":{"line":21,"column":51}},"line":20},"6":{"name":"Object.<anonymous>._default","decl":{"start":{"line":22,"column":15},"end":{"line":22,"column":38}},"loc":{"start":{"line":22,"column":15},"end":{"line":22,"column":38}},"line":22}},"f":{"0":0,"1":0,"2":0,"3":0,"4":0,"5":0,"6":0}}
,"/Users/lakshaymalhotra/Documents/workspace/comp-lib/src/components/Card/index.styles.ts": {"path":"/Users/lakshaymalhotra/Documents/workspace/comp-lib/src/components/Card/index.styles.ts","all":false,"statementMap":{"0":{"start":{"line":1,"column":0},"end":{"line":1,"column":39}},"1":{"start":{"line":2,"column":0},"end":{"line":2,"column":0}},"2":{"start":{"line":3,"column":0},"end":{"line":3,"column":22}},"3":{"start":{"line":4,"column":0},"end":{"line":4,"column":18}},"4":{"start":{"line":5,"column":0},"end":{"line":5,"column":19}},"5":{"start":{"line":6,"column":0},"end":{"line":6,"column":20}},"6":{"start":{"line":7,"column":0},"end":{"line":7,"column":19}},"7":{"start":{"line":8,"column":0},"end":{"line":8,"column":25}},"8":{"start":{"line":9,"column":0},"end":{"line":9,"column":18}},"9":{"start":{"line":10,"column":0},"end":{"line":10,"column":20}},"10":{"start":{"line":11,"column":0},"end":{"line":11,"column":19}},"11":{"start":{"line":12,"column":0},"end":{"line":12,"column":26}},"12":{"start":{"line":13,"column":0},"end":{"line":13,"column":1}},"13":{"start":{"line":14,"column":0},"end":{"line":14,"column":0}},"14":{"start":{"line":15,"column":0},"end":{"line":15,"column":42}},"15":{"start":{"line":16,"column":0},"end":{"line":16,"column":37}},"16":{"start":{"line":17,"column":0},"end":{"line":17,"column":39}},"17":{"start":{"line":18,"column":0},"end":{"line":18,"column":41}},"18":{"start":{"line":19,"column":0},"end":{"line":19,"column":37}},"19":{"start":{"line":20,"column":0},"end":{"line":20,"column":50}},"20":{"start":{"line":21,"column":0},"end":{"line":21,"column":39}},"21":{"start":{"line":22,"column":0},"end":{"line":22,"column":52}},"22":{"start":{"line":23,"column":0},"end":{"line":23,"column":43}},"23":{"start":{"line":24,"column":0},"end":{"line":24,"column":70}},"24":{"start":{"line":25,"column":0},"end":{"line":25,"column":2}},"25":{"start":{"line":26,"column":0},"end":{"line":26,"column":0}},"26":{"start":{"line":27,"column":0},"end":{"line":27,"column":26}}},"s":{"0":1,"1":1,"2":1,"3":1,"4":1,"5":1,"6":1,"7":1,"8":1,"9":1,"10":1,"11":1,"12":1,"13":1,"14":1,"15":1,"16":1,"17":1,"18":1,"19":1,"20":1,"21":1,"22":1,"23":1,"24":1,"25":1,"26":1},"branchMap":{},"b":{},"fnMap":{"0":{"name":"Object.<anonymous>._default","decl":{"start":{"line":16,"column":14},"end":{"line":16,"column":36}},"loc":{"start":{"line":16,"column":14},"end":{"line":16,"column":36}},"line":16},"1":{"name":"Object.<anonymous>._default","decl":{"start":{"line":17,"column":15},"end":{"line":17,"column":38}},"loc":{"start":{"line":17,"column":15},"end":{"line":17,"column":38}},"line":17},"2":{"name":"Object.<anonymous>._default","decl":{"start":{"line":18,"column":16},"end":{"line":18,"column":40}},"loc":{"start":{"line":18,"column":16},"end":{"line":18,"column":40}},"line":18},"3":{"name":"Object.<anonymous>._default","decl":{"start":{"line":19,"column":14},"end":{"line":19,"column":36}},"loc":{"start":{"line":19,"column":14},"end":{"line":19,"column":36}},"line":19},"4":{"name":"Object.<anonymous>._default","decl":{"start":{"line":20,"column":25},"end":{"line":20,"column":49}},"loc":{"start":{"line":20,"column":25},"end":{"line":20,"column":49}},"line":20},"5":{"name":"Object.<anonymous>._default","decl":{"start":{"line":21,"column":15},"end":{"line":21,"column":38}},"loc":{"start":{"line":21,"column":15},"end":{"line":21,"column":38}},"line":21},"6":{"name":"Object.<anonymous>._default","decl":{"start":{"line":22,"column":22},"end":{"line":22,"column":51}},"loc":{"start":{"line":22,"column":22},"end":{"line":22,"column":51}},"line":22},"7":{"name":"Object.<anonymous>._default","decl":{"start":{"line":23,"column":19},"end":{"line":23,"column":42}},"loc":{"start":{"line":23,"column":19},"end":{"line":23,"column":42}},"line":23}},"f":{"0":0,"1":0,"2":0,"3":0,"4":0,"5":0,"6":0,"7":0}}
,"/Users/lakshaymalhotra/Documents/workspace/comp-lib/src/components/Input/index.styles.ts": {"path":"/Users/lakshaymalhotra/Documents/workspace/comp-lib/src/components/Input/index.styles.ts","all":false,"statementMap":{"0":{"start":{"line":1,"column":0},"end":{"line":1,"column":39}},"1":{"start":{"line":2,"column":0},"end":{"line":2,"column":0}},"2":{"start":{"line":3,"column":0},"end":{"line":3,"column":22}},"3":{"start":{"line":4,"column":0},"end":{"line":4,"column":18}},"4":{"start":{"line":5,"column":0},"end":{"line":5,"column":19}},"5":{"start":{"line":6,"column":0},"end":{"line":6,"column":17}},"6":{"start":{"line":7,"column":0},"end":{"line":7,"column":18}},"7":{"start":{"line":8,"column":0},"end":{"line":8,"column":25}},"8":{"start":{"line":9,"column":0},"end":{"line":9,"column":20}},"9":{"start":{"line":10,"column":0},"end":{"line":10,"column":26}},"10":{"start":{"line":11,"column":0},"end":{"line":11,"column":21}},"11":{"start":{"line":12,"column":0},"end":{"line":12,"column":23}},"12":{"start":{"line":13,"column":0},"end":{"line":13,"column":22}},"13":{"start":{"line":14,"column":0},"end":{"line":14,"column":19}},"14":{"start":{"line":15,"column":0},"end":{"line":15,"column":19}},"15":{"start":{"line":16,"column":0},"end":{"line":16,"column":1}},"16":{"start":{"line":17,"column":0},"end":{"line":17,"column":0}},"17":{"start":{"line":18,"column":0},"end":{"line":18,"column":45}},"18":{"start":{"line":19,"column":0},"end":{"line":19,"column":71}},"19":{"start":{"line":20,"column":0},"end":{"line":20,"column":37}},"20":{"start":{"line":21,"column":0},"end":{"line":21,"column":39}},"21":{"start":{"line":22,"column":0},"end":{"line":22,"column":41}},"22":{"start":{"line":23,"column":0},"end":{"line":23,"column":37}},"23":{"start":{"line":24,"column":0},"end":{"line":24,"column":39}},"24":{"start":{"line":25,"column":0},"end":{"line":25,"column":65}},"25":{"start":{"line":26,"column":0},"end":{"line":26,"column":0}},"26":{"start":{"line":27,"column":0},"end":{"line":27,"column":52}},"27":{"start":{"line":28,"column":0},"end":{"line":28,"column":0}},"28":{"start":{"line":29,"column":0},"end":{"line":29,"column":13}},"29":{"start":{"line":30,"column":0},"end":{"line":30,"column":41}},"30":{"start":{"line":31,"column":0},"end":{"line":31,"column":22}},"31":{"start":{"line":32,"column":0},"end":{"line":32,"column":5}},"32":{"start":{"line":33,"column":0},"end":{"line":33,"column":2}},"33":{"start":{"line":34,"column":0},"end":{"line":34,"column":0}},"34":{"start":{"line":35,"column":0},"end":{"line":35,"column":27}}},"s":{"0":1,"1":1,"2":1,"3":1,"4":1,"5":1,"6":1,"7":1,"8":1,"9":1,"10":1,"11":1,"12":1,"13":1,"14":1,"15":1,"16":1,"17":1,"18":1,"19":1,"20":1,"21":1,"22":1,"23":1,"24":1,"25":1,"26":1,"27":1,"28":1,"29":1,"30":1,"31":1,"32":1,"33":1,"34":1},"branchMap":{},"b":{},"fnMap":{"0":{"name":"Object.<anonymous>._default","decl":{"start":{"line":19,"column":15},"end":{"line":19,"column":70}},"loc":{"start":{"line":19,"column":15},"end":{"line":19,"column":70}},"line":19},"1":{"name":"Object.<anonymous>._default","decl":{"start":{"line":20,"column":14},"end":{"line":20,"column":36}},"loc":{"start":{"line":20,"column":14},"end":{"line":20,"column":36}},"line":20},"2":{"name":"Object.<anonymous>._default","decl":{"start":{"line":21,"column":15},"end":{"line":21,"column":38}},"loc":{"start":{"line":21,"column":15},"end":{"line":21,"column":38}},"line":21},"3":{"name":"Object.<anonymous>._default","decl":{"start":{"line":22,"column":16},"end":{"line":22,"column":40}},"loc":{"start":{"line":22,"column":16},"end":{"line":22,"column":40}},"line":22},"4":{"name":"Object.<anonymous>._default","decl":{"start":{"line":23,"column":14},"end":{"line":23,"column":36}},"loc":{"start":{"line":23,"column":14},"end":{"line":23,"column":36}},"line":23},"5":{"name":"Object.<anonymous>._default","decl":{"start":{"line":24,"column":15},"end":{"line":24,"column":38}},"loc":{"start":{"line":24,"column":15},"end":{"line":24,"column":38}},"line":24},"6":{"name":"Object.<anonymous>._default","decl":{"start":{"line":25,"column":21},"end":{"line":25,"column":64}},"loc":{"start":{"line":25,"column":21},"end":{"line":25,"column":64}},"line":25}},"f":{"0":0,"1":0,"2":0,"3":0,"4":0,"5":0,"6":0}}
,"/Users/lakshaymalhotra/Documents/workspace/comp-lib/src/components/Select/index.styles.ts": {"path":"/Users/lakshaymalhotra/Documents/workspace/comp-lib/src/components/Select/index.styles.ts","all":false,"statementMap":{"0":{"start":{"line":1,"column":0},"end":{"line":1,"column":39}},"1":{"start":{"line":2,"column":0},"end":{"line":2,"column":0}},"2":{"start":{"line":3,"column":0},"end":{"line":3,"column":22}},"3":{"start":{"line":4,"column":0},"end":{"line":4,"column":17}},"4":{"start":{"line":5,"column":0},"end":{"line":5,"column":16}},"5":{"start":{"line":6,"column":0},"end":{"line":6,"column":18}},"6":{"start":{"line":7,"column":0},"end":{"line":7,"column":19}},"7":{"start":{"line":8,"column":0},"end":{"line":8,"column":20}},"8":{"start":{"line":9,"column":0},"end":{"line":9,"column":26}},"9":{"start":{"line":10,"column":0},"end":{"line":10,"column":21}},"10":{"start":{"line":11,"column":0},"end":{"line":11,"column":23}},"11":{"start":{"line":12,"column":0},"end":{"line":12,"column":22}},"12":{"start":{"line":13,"column":0},"end":{"line":13,"column":19}},"13":{"start":{"line":14,"column":0},"end":{"line":14,"column":1}},"14":{"start":{"line":15,"column":0},"end":{"line":15,"column":0}},"15":{"start":{"line":16,"column":0},"end":{"line":16,"column":47}},"16":{"start":{"line":17,"column":0},"end":{"line":17,"column":71}},"17":{"start":{"line":18,"column":0},"end":{"line":18,"column":37}},"18":{"start":{"line":19,"column":0},"end":{"line":19,"column":39}},"19":{"start":{"line":20,"column":0},"end":{"line":20,"column":41}},"20":{"start":{"line":21,"column":0},"end":{"line":21,"column":37}},"21":{"start":{"line":22,"column":0},"end":{"line":22,"column":39}},"22":{"start":{"line":23,"column":0},"end":{"line":23,"column":65}},"23":{"start":{"line":24,"column":0},"end":{"line":24,"column":0}},"24":{"start":{"line":25,"column":0},"end":{"line":25,"column":52}},"25":{"start":{"line":26,"column":0},"end":{"line":26,"column":0}},"26":{"start":{"line":27,"column":0},"end":{"line":27,"column":13}},"27":{"start":{"line":28,"column":0},"end":{"line":28,"column":41}},"28":{"start":{"line":29,"column":0},"end":{"line":29,"column":22}},"29":{"start":{"line":30,"column":0},"end":{"line":30,"column":5}},"30":{"start":{"line":31,"column":0},"end":{"line":31,"column":2}},"31":{"start":{"line":32,"column":0},"end":{"line":32,"column":0}},"32":{"start":{"line":33,"column":0},"end":{"line":33,"column":28}}},"s":{"0":1,"1":1,"2":1,"3":1,"4":1,"5":1,"6":1,"7":1,"8":1,"9":1,"10":1,"11":1,"12":1,"13":1,"14":1,"15":1,"16":1,"17":1,"18":1,"19":1,"20":1,"21":1,"22":1,"23":1,"24":1,"25":1,"26":1,"27":1,"28":1,"29":1,"30":1,"31":1,"32":1},"branchMap":{},"b":{},"fnMap":{"0":{"name":"Object.<anonymous>._default","decl":{"start":{"line":17,"column":15},"end":{"line":17,"column":70}},"loc":{"start":{"line":17,"column":15},"end":{"line":17,"column":70}},"line":17},"1":{"name":"Object.<anonymous>._default","decl":{"start":{"line":18,"column":14},"end":{"line":18,"column":36}},"loc":{"start":{"line":18,"column":14},"end":{"line":18,"column":36}},"line":18},"2":{"name":"Object.<anonymous>._default","decl":{"start":{"line":19,"column":15},"end":{"line":19,"column":38}},"loc":{"start":{"line":19,"column":15},"end":{"line":19,"column":38}},"line":19},"3":{"name":"Object.<anonymous>._default","decl":{"start":{"line":20,"column":16},"end":{"line":20,"column":40}},"loc":{"start":{"line":20,"column":16},"end":{"line":20,"column":40}},"line":20},"4":{"name":"Object.<anonymous>._default","decl":{"start":{"line":21,"column":14},"end":{"line":21,"column":36}},"loc":{"start":{"line":21,"column":14},"end":{"line":21,"column":36}},"line":21},"5":{"name":"Object.<anonymous>._default","decl":{"start":{"line":22,"column":15},"end":{"line":22,"column":38}},"loc":{"start":{"line":22,"column":15},"end":{"line":22,"column":38}},"line":22},"6":{"name":"Object.<anonymous>._default","decl":{"start":{"line":23,"column":21},"end":{"line":23,"column":64}},"loc":{"start":{"line":23,"column":21},"end":{"line":23,"column":64}},"line":23}},"f":{"0":0,"1":0,"2":0,"3":0,"4":0,"5":0,"6":0}}
}
