{"/Users/lakshaymalhotra/Documents/workspace/comp-lib/src/components/index.ts": {"path":"/Users/lakshaymalhotra/Documents/workspace/comp-lib/src/components/index.ts","all":true,"statementMap":{"0":{"start":{"line":1,"column":0},"end":{"line":1,"column":45}},"1":{"start":{"line":2,"column":0},"end":{"line":2,"column":41}},"2":{"start":{"line":3,"column":0},"end":{"line":3,"column":43}},"3":{"start":{"line":4,"column":0},"end":{"line":4,"column":45}},"4":{"start":{"line":5,"column":0},"end":{"line":5,"column":45}}},"s":{"0":0,"1":0,"2":0,"3":0,"4":0},"branchMap":{"0":{"type":"branch","line":1,"loc":{"start":{"line":1,"column":0},"end":{"line":5,"column":45}},"locations":[{"start":{"line":1,"column":0},"end":{"line":5,"column":45}}]}},"b":{"0":[0]},"fnMap":{"0":{"name":"(empty-report)","decl":{"start":{"line":1,"column":0},"end":{"line":5,"column":45}},"loc":{"start":{"line":1,"column":0},"end":{"line":5,"column":45}},"line":1}},"f":{"0":0}}
,"/Users/lakshaymalhotra/Documents/workspace/comp-lib/src/components/Avatar/index.styles.ts": {"path":"/Users/lakshaymalhotra/Documents/workspace/comp-lib/src/components/Avatar/index.styles.ts","all":false,"statementMap":{"0":{"start":{"line":1,"column":0},"end":{"line":1,"column":39}},"1":{"start":{"line":2,"column":0},"end":{"line":2,"column":0}},"2":{"start":{"line":3,"column":0},"end":{"line":3,"column":22}},"3":{"start":{"line":4,"column":0},"end":{"line":4,"column":18}},"4":{"start":{"line":5,"column":0},"end":{"line":5,"column":19}},"5":{"start":{"line":6,"column":0},"end":{"line":6,"column":20}},"6":{"start":{"line":7,"column":0},"end":{"line":7,"column":26}},"7":{"start":{"line":8,"column":0},"end":{"line":8,"column":21}},"8":{"start":{"line":9,"column":0},"end":{"line":9,"column":26}},"9":{"start":{"line":10,"column":0},"end":{"line":10,"column":28}},"10":{"start":{"line":11,"column":0},"end":{"line":11,"column":1}},"11":{"start":{"line":12,"column":0},"end":{"line":12,"column":0}},"12":{"start":{"line":13,"column":0},"end":{"line":13,"column":44}},"13":{"start":{"line":14,"column":0},"end":{"line":14,"column":70}},"14":{"start":{"line":15,"column":0},"end":{"line":15,"column":37}},"15":{"start":{"line":16,"column":0},"end":{"line":16,"column":39}},"16":{"start":{"line":17,"column":0},"end":{"line":17,"column":41}},"17":{"start":{"line":18,"column":0},"end":{"line":18,"column":37}},"18":{"start":{"line":19,"column":0},"end":{"line":19,"column":27}},"19":{"start":{"line":20,"column":0},"end":{"line":20,"column":39}},"20":{"start":{"line":21,"column":0},"end":{"line":21,"column":52}},"21":{"start":{"line":22,"column":0},"end":{"line":22,"column":21}},"22":{"start":{"line":23,"column":0},"end":{"line":23,"column":0}},"23":{"start":{"line":24,"column":0},"end":{"line":24,"column":9}},"24":{"start":{"line":25,"column":0},"end":{"line":25,"column":20}},"25":{"start":{"line":26,"column":0},"end":{"line":26,"column":21}},"26":{"start":{"line":27,"column":0},"end":{"line":27,"column":21}},"27":{"start":{"line":28,"column":0},"end":{"line":28,"column":27}},"28":{"start":{"line":29,"column":0},"end":{"line":29,"column":26}},"29":{"start":{"line":30,"column":0},"end":{"line":30,"column":37}},"30":{"start":{"line":31,"column":0},"end":{"line":31,"column":69}},"31":{"start":{"line":32,"column":0},"end":{"line":32,"column":5}},"32":{"start":{"line":33,"column":0},"end":{"line":33,"column":2}},"33":{"start":{"line":34,"column":0},"end":{"line":34,"column":0}},"34":{"start":{"line":35,"column":0},"end":{"line":35,"column":28}}},"s":{"0":1,"1":1,"2":1,"3":1,"4":1,"5":1,"6":1,"7":1,"8":1,"9":1,"10":1,"11":1,"12":1,"13":1,"14":1,"15":1,"16":1,"17":1,"18":1,"19":1,"20":1,"21":1,"22":1,"23":1,"24":1,"25":1,"26":1,"27":1,"28":1,"29":1,"30":1,"31":1,"32":1,"33":1,"34":1},"branchMap":{"0":{"type":"branch","line":14,"loc":{"start":{"line":14,"column":15},"end":{"line":14,"column":69}},"locations":[{"start":{"line":14,"column":15},"end":{"line":14,"column":69}}]},"1":{"type":"branch","line":14,"loc":{"start":{"line":14,"column":26},"end":{"line":14,"column":58}},"locations":[{"start":{"line":14,"column":26},"end":{"line":14,"column":58}}]},"2":{"type":"branch","line":14,"loc":{"start":{"line":14,"column":26},"end":{"line":14,"column":69}},"locations":[{"start":{"line":14,"column":26},"end":{"line":14,"column":69}}]},"3":{"type":"branch","line":15,"loc":{"start":{"line":15,"column":14},"end":{"line":15,"column":36}},"locations":[{"start":{"line":15,"column":14},"end":{"line":15,"column":36}}]},"4":{"type":"branch","line":16,"loc":{"start":{"line":16,"column":15},"end":{"line":16,"column":38}},"locations":[{"start":{"line":16,"column":15},"end":{"line":16,"column":38}}]},"5":{"type":"branch","line":17,"loc":{"start":{"line":17,"column":16},"end":{"line":17,"column":40}},"locations":[{"start":{"line":17,"column":16},"end":{"line":17,"column":40}}]},"6":{"type":"branch","line":18,"loc":{"start":{"line":18,"column":14},"end":{"line":18,"column":36}},"locations":[{"start":{"line":18,"column":14},"end":{"line":18,"column":36}}]},"7":{"type":"branch","line":20,"loc":{"start":{"line":20,"column":15},"end":{"line":20,"column":38}},"locations":[{"start":{"line":20,"column":15},"end":{"line":20,"column":38}}]},"8":{"type":"branch","line":21,"loc":{"start":{"line":21,"column":22},"end":{"line":21,"column":51}},"locations":[{"start":{"line":21,"column":22},"end":{"line":21,"column":51}}]},"9":{"type":"branch","line":30,"loc":{"start":{"line":30,"column":28},"end":{"line":31,"column":68}},"locations":[{"start":{"line":30,"column":28},"end":{"line":31,"column":68}}]},"10":{"type":"branch","line":31,"loc":{"start":{"line":31,"column":12},"end":{"line":31,"column":58}},"locations":[{"start":{"line":31,"column":12},"end":{"line":31,"column":58}}]}},"b":{"0":[4],"1":[1],"2":[3],"3":[4],"4":[4],"5":[4],"6":[4],"7":[4],"8":[4],"9":[4],"10":[0]},"fnMap":{"0":{"name":"Object.<anonymous>._default","decl":{"start":{"line":14,"column":15},"end":{"line":14,"column":69}},"loc":{"start":{"line":14,"column":15},"end":{"line":14,"column":69}},"line":14},"1":{"name":"Object.<anonymous>._default","decl":{"start":{"line":15,"column":14},"end":{"line":15,"column":36}},"loc":{"start":{"line":15,"column":14},"end":{"line":15,"column":36}},"line":15},"2":{"name":"Object.<anonymous>._default","decl":{"start":{"line":16,"column":15},"end":{"line":16,"column":38}},"loc":{"start":{"line":16,"column":15},"end":{"line":16,"column":38}},"line":16},"3":{"name":"Object.<anonymous>._default","decl":{"start":{"line":17,"column":16},"end":{"line":17,"column":40}},"loc":{"start":{"line":17,"column":16},"end":{"line":17,"column":40}},"line":17},"4":{"name":"Object.<anonymous>._default","decl":{"start":{"line":18,"column":14},"end":{"line":18,"column":36}},"loc":{"start":{"line":18,"column":14},"end":{"line":18,"column":36}},"line":18},"5":{"name":"Object.<anonymous>._default","decl":{"start":{"line":20,"column":15},"end":{"line":20,"column":38}},"loc":{"start":{"line":20,"column":15},"end":{"line":20,"column":38}},"line":20},"6":{"name":"Object.<anonymous>._default","decl":{"start":{"line":21,"column":22},"end":{"line":21,"column":51}},"loc":{"start":{"line":21,"column":22},"end":{"line":21,"column":51}},"line":21}},"f":{"0":4,"1":4,"2":4,"3":4,"4":4,"5":4,"6":4}}
,"/Users/lakshaymalhotra/Documents/workspace/comp-lib/src/components/Avatar/index.tsx": {"path":"/Users/lakshaymalhotra/Documents/workspace/comp-lib/src/components/Avatar/index.tsx","all":false,"statementMap":{"0":{"start":{"line":1,"column":0},"end":{"line":1,"column":46}},"1":{"start":{"line":2,"column":0},"end":{"line":2,"column":42}},"2":{"start":{"line":3,"column":0},"end":{"line":3,"column":0}},"3":{"start":{"line":4,"column":0},"end":{"line":4,"column":69}},"4":{"start":{"line":5,"column":0},"end":{"line":5,"column":18}},"5":{"start":{"line":6,"column":0},"end":{"line":6,"column":19}},"6":{"start":{"line":7,"column":0},"end":{"line":7,"column":20}},"7":{"start":{"line":8,"column":0},"end":{"line":8,"column":26}},"8":{"start":{"line":9,"column":0},"end":{"line":9,"column":21}},"9":{"start":{"line":10,"column":0},"end":{"line":10,"column":16}},"10":{"start":{"line":11,"column":0},"end":{"line":11,"column":16}},"11":{"start":{"line":12,"column":0},"end":{"line":12,"column":26}},"12":{"start":{"line":13,"column":0},"end":{"line":13,"column":25}},"13":{"start":{"line":14,"column":0},"end":{"line":14,"column":1}},"14":{"start":{"line":15,"column":0},"end":{"line":15,"column":0}},"15":{"start":{"line":16,"column":0},"end":{"line":16,"column":40}},"16":{"start":{"line":17,"column":0},"end":{"line":17,"column":12}},"17":{"start":{"line":18,"column":0},"end":{"line":18,"column":33}},"18":{"start":{"line":19,"column":0},"end":{"line":19,"column":51}},"19":{"start":{"line":20,"column":0},"end":{"line":20,"column":23}},"20":{"start":{"line":21,"column":0},"end":{"line":21,"column":6}},"21":{"start":{"line":22,"column":0},"end":{"line":22,"column":2}},"22":{"start":{"line":23,"column":0},"end":{"line":23,"column":0}},"23":{"start":{"line":24,"column":0},"end":{"line":24,"column":22}},"24":{"start":{"line":25,"column":0},"end":{"line":25,"column":0}},"25":{"start":{"line":26,"column":0},"end":{"line":26,"column":23}},"26":{"start":{"line":27,"column":0},"end":{"line":27,"column":19}},"27":{"start":{"line":28,"column":0},"end":{"line":28,"column":20}},"28":{"start":{"line":29,"column":0},"end":{"line":29,"column":24}},"29":{"start":{"line":30,"column":0},"end":{"line":30,"column":19}},"30":{"start":{"line":31,"column":0},"end":{"line":31,"column":17}},"31":{"start":{"line":32,"column":0},"end":{"line":32,"column":23}},"32":{"start":{"line":33,"column":0},"end":{"line":33,"column":181}},"33":{"start":{"line":34,"column":0},"end":{"line":34,"column":30}},"34":{"start":{"line":35,"column":0},"end":{"line":35,"column":2}}},"s":{"0":1,"1":1,"2":1,"3":1,"4":1,"5":1,"6":1,"7":1,"8":1,"9":1,"10":1,"11":1,"12":1,"13":1,"14":1,"15":1,"16":4,"17":4,"18":4,"19":4,"20":4,"21":4,"22":1,"23":1,"24":1,"25":1,"26":1,"27":1,"28":1,"29":1,"30":1,"31":1,"32":1,"33":1,"34":1},"branchMap":{"0":{"type":"branch","line":16,"loc":{"start":{"line":16,"column":16},"end":{"line":22,"column":2}},"locations":[{"start":{"line":16,"column":16},"end":{"line":22,"column":2}}]}},"b":{"0":[4]},"fnMap":{"0":{"name":"Avatar","decl":{"start":{"line":16,"column":16},"end":{"line":22,"column":2}},"loc":{"start":{"line":16,"column":16},"end":{"line":22,"column":2}},"line":16}},"f":{"0":4}}
,"/Users/lakshaymalhotra/Documents/workspace/comp-lib/src/components/Button/index.styles.ts": {"path":"/Users/lakshaymalhotra/Documents/workspace/comp-lib/src/components/Button/index.styles.ts","all":false,"statementMap":{"0":{"start":{"line":1,"column":0},"end":{"line":1,"column":39}},"1":{"start":{"line":2,"column":0},"end":{"line":2,"column":0}},"2":{"start":{"line":3,"column":0},"end":{"line":3,"column":22}},"3":{"start":{"line":4,"column":0},"end":{"line":4,"column":18}},"4":{"start":{"line":5,"column":0},"end":{"line":5,"column":19}},"5":{"start":{"line":6,"column":0},"end":{"line":6,"column":20}},"6":{"start":{"line":7,"column":0},"end":{"line":7,"column":19}},"7":{"start":{"line":8,"column":0},"end":{"line":8,"column":25}},"8":{"start":{"line":9,"column":0},"end":{"line":9,"column":18}},"9":{"start":{"line":10,"column":0},"end":{"line":10,"column":20}},"10":{"start":{"line":11,"column":0},"end":{"line":11,"column":22}},"11":{"start":{"line":12,"column":0},"end":{"line":12,"column":1}},"12":{"start":{"line":13,"column":0},"end":{"line":13,"column":0}},"13":{"start":{"line":14,"column":0},"end":{"line":14,"column":47}},"14":{"start":{"line":15,"column":0},"end":{"line":15,"column":71}},"15":{"start":{"line":16,"column":0},"end":{"line":16,"column":37}},"16":{"start":{"line":17,"column":0},"end":{"line":17,"column":39}},"17":{"start":{"line":18,"column":0},"end":{"line":18,"column":41}},"18":{"start":{"line":19,"column":0},"end":{"line":19,"column":37}},"19":{"start":{"line":20,"column":0},"end":{"line":20,"column":34}},"20":{"start":{"line":21,"column":0},"end":{"line":21,"column":52}},"21":{"start":{"line":22,"column":0},"end":{"line":22,"column":39}},"22":{"start":{"line":23,"column":0},"end":{"line":23,"column":52}},"23":{"start":{"line":24,"column":0},"end":{"line":24,"column":2}},"24":{"start":{"line":25,"column":0},"end":{"line":25,"column":0}},"25":{"start":{"line":26,"column":0},"end":{"line":26,"column":28}}},"s":{"0":1,"1":1,"2":1,"3":1,"4":1,"5":1,"6":1,"7":1,"8":1,"9":1,"10":1,"11":1,"12":1,"13":1,"14":1,"15":1,"16":1,"17":1,"18":1,"19":1,"20":1,"21":1,"22":1,"23":1,"24":1,"25":1},"branchMap":{"0":{"type":"branch","line":15,"loc":{"start":{"line":15,"column":15},"end":{"line":15,"column":70}},"locations":[{"start":{"line":15,"column":15},"end":{"line":15,"column":70}}]},"1":{"type":"branch","line":15,"loc":{"start":{"line":15,"column":26},"end":{"line":15,"column":59}},"locations":[{"start":{"line":15,"column":26},"end":{"line":15,"column":59}}]},"2":{"type":"branch","line":15,"loc":{"start":{"line":15,"column":26},"end":{"line":15,"column":70}},"locations":[{"start":{"line":15,"column":26},"end":{"line":15,"column":70}}]},"3":{"type":"branch","line":16,"loc":{"start":{"line":16,"column":14},"end":{"line":16,"column":36}},"locations":[{"start":{"line":16,"column":14},"end":{"line":16,"column":36}}]},"4":{"type":"branch","line":17,"loc":{"start":{"line":17,"column":15},"end":{"line":17,"column":38}},"locations":[{"start":{"line":17,"column":15},"end":{"line":17,"column":38}}]},"5":{"type":"branch","line":18,"loc":{"start":{"line":18,"column":16},"end":{"line":18,"column":40}},"locations":[{"start":{"line":18,"column":16},"end":{"line":18,"column":40}}]},"6":{"type":"branch","line":19,"loc":{"start":{"line":19,"column":14},"end":{"line":19,"column":36}},"locations":[{"start":{"line":19,"column":14},"end":{"line":19,"column":36}}]},"7":{"type":"branch","line":20,"loc":{"start":{"line":20,"column":25},"end":{"line":21,"column":51}},"locations":[{"start":{"line":20,"column":25},"end":{"line":21,"column":51}}]},"8":{"type":"branch","line":21,"loc":{"start":{"line":21,"column":8},"end":{"line":21,"column":37}},"locations":[{"start":{"line":21,"column":8},"end":{"line":21,"column":37}}]},"9":{"type":"branch","line":21,"loc":{"start":{"line":21,"column":8},"end":{"line":21,"column":51}},"locations":[{"start":{"line":21,"column":8},"end":{"line":21,"column":51}}]},"10":{"type":"branch","line":22,"loc":{"start":{"line":22,"column":15},"end":{"line":22,"column":38}},"locations":[{"start":{"line":22,"column":15},"end":{"line":22,"column":38}}]},"11":{"type":"branch","line":23,"loc":{"start":{"line":23,"column":22},"end":{"line":23,"column":51}},"locations":[{"start":{"line":23,"column":22},"end":{"line":23,"column":51}}]}},"b":{"0":[2],"1":[1],"2":[1],"3":[2],"4":[2],"5":[2],"6":[2],"7":[2],"8":[1],"9":[1],"10":[2],"11":[2]},"fnMap":{"0":{"name":"Object.<anonymous>._default","decl":{"start":{"line":15,"column":15},"end":{"line":15,"column":70}},"loc":{"start":{"line":15,"column":15},"end":{"line":15,"column":70}},"line":15},"1":{"name":"Object.<anonymous>._default","decl":{"start":{"line":16,"column":14},"end":{"line":16,"column":36}},"loc":{"start":{"line":16,"column":14},"end":{"line":16,"column":36}},"line":16},"2":{"name":"Object.<anonymous>._default","decl":{"start":{"line":17,"column":15},"end":{"line":17,"column":38}},"loc":{"start":{"line":17,"column":15},"end":{"line":17,"column":38}},"line":17},"3":{"name":"Object.<anonymous>._default","decl":{"start":{"line":18,"column":16},"end":{"line":18,"column":40}},"loc":{"start":{"line":18,"column":16},"end":{"line":18,"column":40}},"line":18},"4":{"name":"Object.<anonymous>._default","decl":{"start":{"line":19,"column":14},"end":{"line":19,"column":36}},"loc":{"start":{"line":19,"column":14},"end":{"line":19,"column":36}},"line":19},"5":{"name":"Object.<anonymous>._default","decl":{"start":{"line":20,"column":25},"end":{"line":21,"column":51}},"loc":{"start":{"line":20,"column":25},"end":{"line":21,"column":51}},"line":20},"6":{"name":"Object.<anonymous>._default","decl":{"start":{"line":22,"column":15},"end":{"line":22,"column":38}},"loc":{"start":{"line":22,"column":15},"end":{"line":22,"column":38}},"line":22}},"f":{"0":2,"1":2,"2":2,"3":2,"4":2,"5":2,"6":2}}
,"/Users/lakshaymalhotra/Documents/workspace/comp-lib/src/components/Button/index.tsx": {"path":"/Users/lakshaymalhotra/Documents/workspace/comp-lib/src/components/Button/index.tsx","all":false,"statementMap":{"0":{"start":{"line":1,"column":0},"end":{"line":1,"column":46}},"1":{"start":{"line":2,"column":0},"end":{"line":2,"column":42}},"2":{"start":{"line":3,"column":0},"end":{"line":3,"column":72}},"3":{"start":{"line":4,"column":0},"end":{"line":4,"column":18}},"4":{"start":{"line":5,"column":0},"end":{"line":5,"column":18}},"5":{"start":{"line":6,"column":0},"end":{"line":6,"column":19}},"6":{"start":{"line":7,"column":0},"end":{"line":7,"column":18}},"7":{"start":{"line":8,"column":0},"end":{"line":8,"column":20}},"8":{"start":{"line":9,"column":0},"end":{"line":9,"column":19}},"9":{"start":{"line":10,"column":0},"end":{"line":10,"column":25}},"10":{"start":{"line":11,"column":0},"end":{"line":11,"column":20}},"11":{"start":{"line":12,"column":0},"end":{"line":12,"column":22}},"12":{"start":{"line":13,"column":0},"end":{"line":13,"column":24}},"13":{"start":{"line":14,"column":0},"end":{"line":14,"column":1}},"14":{"start":{"line":15,"column":0},"end":{"line":15,"column":0}},"15":{"start":{"line":16,"column":0},"end":{"line":16,"column":40}},"16":{"start":{"line":17,"column":0},"end":{"line":17,"column":65}},"17":{"start":{"line":18,"column":0},"end":{"line":18,"column":2}},"18":{"start":{"line":19,"column":0},"end":{"line":19,"column":0}},"19":{"start":{"line":20,"column":0},"end":{"line":20,"column":22}},"20":{"start":{"line":21,"column":0},"end":{"line":21,"column":0}},"21":{"start":{"line":22,"column":0},"end":{"line":22,"column":23}},"22":{"start":{"line":23,"column":0},"end":{"line":23,"column":19}},"23":{"start":{"line":24,"column":0},"end":{"line":24,"column":19}},"24":{"start":{"line":25,"column":0},"end":{"line":25,"column":18}},"25":{"start":{"line":26,"column":0},"end":{"line":26,"column":23}},"26":{"start":{"line":27,"column":0},"end":{"line":27,"column":22}},"27":{"start":{"line":28,"column":0},"end":{"line":28,"column":19}},"28":{"start":{"line":29,"column":0},"end":{"line":29,"column":24}},"29":{"start":{"line":30,"column":0},"end":{"line":30,"column":17}},"30":{"start":{"line":31,"column":0},"end":{"line":31,"column":20}},"31":{"start":{"line":32,"column":0},"end":{"line":32,"column":2}}},"s":{"0":1,"1":1,"2":1,"3":1,"4":1,"5":1,"6":1,"7":1,"8":1,"9":1,"10":1,"11":1,"12":1,"13":1,"14":1,"15":1,"16":2,"17":2,"18":1,"19":1,"20":1,"21":1,"22":1,"23":1,"24":1,"25":1,"26":1,"27":1,"28":1,"29":1,"30":1,"31":1},"branchMap":{"0":{"type":"branch","line":16,"loc":{"start":{"line":16,"column":16},"end":{"line":18,"column":2}},"locations":[{"start":{"line":16,"column":16},"end":{"line":18,"column":2}}]}},"b":{"0":[2]},"fnMap":{"0":{"name":"Button","decl":{"start":{"line":16,"column":16},"end":{"line":18,"column":2}},"loc":{"start":{"line":16,"column":16},"end":{"line":18,"column":2}},"line":16}},"f":{"0":2}}
,"/Users/lakshaymalhotra/Documents/workspace/comp-lib/src/components/Card/index.styles.ts": {"path":"/Users/lakshaymalhotra/Documents/workspace/comp-lib/src/components/Card/index.styles.ts","all":false,"statementMap":{"0":{"start":{"line":1,"column":0},"end":{"line":1,"column":39}},"1":{"start":{"line":2,"column":0},"end":{"line":2,"column":0}},"2":{"start":{"line":3,"column":0},"end":{"line":3,"column":22}},"3":{"start":{"line":4,"column":0},"end":{"line":4,"column":18}},"4":{"start":{"line":5,"column":0},"end":{"line":5,"column":19}},"5":{"start":{"line":6,"column":0},"end":{"line":6,"column":20}},"6":{"start":{"line":7,"column":0},"end":{"line":7,"column":19}},"7":{"start":{"line":8,"column":0},"end":{"line":8,"column":25}},"8":{"start":{"line":9,"column":0},"end":{"line":9,"column":18}},"9":{"start":{"line":10,"column":0},"end":{"line":10,"column":20}},"10":{"start":{"line":11,"column":0},"end":{"line":11,"column":19}},"11":{"start":{"line":12,"column":0},"end":{"line":12,"column":26}},"12":{"start":{"line":13,"column":0},"end":{"line":13,"column":1}},"13":{"start":{"line":14,"column":0},"end":{"line":14,"column":0}},"14":{"start":{"line":15,"column":0},"end":{"line":15,"column":42}},"15":{"start":{"line":16,"column":0},"end":{"line":16,"column":37}},"16":{"start":{"line":17,"column":0},"end":{"line":17,"column":39}},"17":{"start":{"line":18,"column":0},"end":{"line":18,"column":41}},"18":{"start":{"line":19,"column":0},"end":{"line":19,"column":37}},"19":{"start":{"line":20,"column":0},"end":{"line":20,"column":50}},"20":{"start":{"line":21,"column":0},"end":{"line":21,"column":39}},"21":{"start":{"line":22,"column":0},"end":{"line":22,"column":52}},"22":{"start":{"line":23,"column":0},"end":{"line":23,"column":43}},"23":{"start":{"line":24,"column":0},"end":{"line":24,"column":70}},"24":{"start":{"line":25,"column":0},"end":{"line":25,"column":2}},"25":{"start":{"line":26,"column":0},"end":{"line":26,"column":0}},"26":{"start":{"line":27,"column":0},"end":{"line":27,"column":26}}},"s":{"0":1,"1":1,"2":1,"3":1,"4":1,"5":1,"6":1,"7":1,"8":1,"9":1,"10":1,"11":1,"12":1,"13":1,"14":1,"15":1,"16":1,"17":1,"18":1,"19":1,"20":1,"21":1,"22":1,"23":1,"24":1,"25":1,"26":1},"branchMap":{"0":{"type":"branch","line":16,"loc":{"start":{"line":16,"column":14},"end":{"line":16,"column":36}},"locations":[{"start":{"line":16,"column":14},"end":{"line":16,"column":36}}]},"1":{"type":"branch","line":17,"loc":{"start":{"line":17,"column":15},"end":{"line":17,"column":38}},"locations":[{"start":{"line":17,"column":15},"end":{"line":17,"column":38}}]},"2":{"type":"branch","line":18,"loc":{"start":{"line":18,"column":16},"end":{"line":18,"column":40}},"locations":[{"start":{"line":18,"column":16},"end":{"line":18,"column":40}}]},"3":{"type":"branch","line":19,"loc":{"start":{"line":19,"column":14},"end":{"line":19,"column":36}},"locations":[{"start":{"line":19,"column":14},"end":{"line":19,"column":36}}]},"4":{"type":"branch","line":20,"loc":{"start":{"line":20,"column":25},"end":{"line":20,"column":49}},"locations":[{"start":{"line":20,"column":25},"end":{"line":20,"column":49}}]},"5":{"type":"branch","line":21,"loc":{"start":{"line":21,"column":15},"end":{"line":21,"column":38}},"locations":[{"start":{"line":21,"column":15},"end":{"line":21,"column":38}}]},"6":{"type":"branch","line":22,"loc":{"start":{"line":22,"column":22},"end":{"line":22,"column":51}},"locations":[{"start":{"line":22,"column":22},"end":{"line":22,"column":51}}]},"7":{"type":"branch","line":23,"loc":{"start":{"line":23,"column":19},"end":{"line":23,"column":42}},"locations":[{"start":{"line":23,"column":19},"end":{"line":23,"column":42}}]},"8":{"type":"branch","line":24,"loc":{"start":{"line":24,"column":15},"end":{"line":24,"column":69}},"locations":[{"start":{"line":24,"column":15},"end":{"line":24,"column":69}}]},"9":{"type":"branch","line":24,"loc":{"start":{"line":24,"column":26},"end":{"line":24,"column":58}},"locations":[{"start":{"line":24,"column":26},"end":{"line":24,"column":58}}]},"10":{"type":"branch","line":24,"loc":{"start":{"line":24,"column":26},"end":{"line":24,"column":69}},"locations":[{"start":{"line":24,"column":26},"end":{"line":24,"column":69}}]}},"b":{"0":[2],"1":[2],"2":[2],"3":[2],"4":[2],"5":[2],"6":[2],"7":[2],"8":[2],"9":[1],"10":[1]},"fnMap":{"0":{"name":"Object.<anonymous>._default","decl":{"start":{"line":16,"column":14},"end":{"line":16,"column":36}},"loc":{"start":{"line":16,"column":14},"end":{"line":16,"column":36}},"line":16},"1":{"name":"Object.<anonymous>._default","decl":{"start":{"line":17,"column":15},"end":{"line":17,"column":38}},"loc":{"start":{"line":17,"column":15},"end":{"line":17,"column":38}},"line":17},"2":{"name":"Object.<anonymous>._default","decl":{"start":{"line":18,"column":16},"end":{"line":18,"column":40}},"loc":{"start":{"line":18,"column":16},"end":{"line":18,"column":40}},"line":18},"3":{"name":"Object.<anonymous>._default","decl":{"start":{"line":19,"column":14},"end":{"line":19,"column":36}},"loc":{"start":{"line":19,"column":14},"end":{"line":19,"column":36}},"line":19},"4":{"name":"Object.<anonymous>._default","decl":{"start":{"line":20,"column":25},"end":{"line":20,"column":49}},"loc":{"start":{"line":20,"column":25},"end":{"line":20,"column":49}},"line":20},"5":{"name":"Object.<anonymous>._default","decl":{"start":{"line":21,"column":15},"end":{"line":21,"column":38}},"loc":{"start":{"line":21,"column":15},"end":{"line":21,"column":38}},"line":21},"6":{"name":"Object.<anonymous>._default","decl":{"start":{"line":22,"column":22},"end":{"line":22,"column":51}},"loc":{"start":{"line":22,"column":22},"end":{"line":22,"column":51}},"line":22},"7":{"name":"Object.<anonymous>._default","decl":{"start":{"line":23,"column":19},"end":{"line":23,"column":42}},"loc":{"start":{"line":23,"column":19},"end":{"line":23,"column":42}},"line":23}},"f":{"0":2,"1":2,"2":2,"3":2,"4":2,"5":2,"6":2,"7":2}}
,"/Users/lakshaymalhotra/Documents/workspace/comp-lib/src/components/Card/index.tsx": {"path":"/Users/lakshaymalhotra/Documents/workspace/comp-lib/src/components/Card/index.tsx","all":false,"statementMap":{"0":{"start":{"line":1,"column":0},"end":{"line":1,"column":46}},"1":{"start":{"line":2,"column":0},"end":{"line":2,"column":40}},"2":{"start":{"line":3,"column":0},"end":{"line":3,"column":0}},"3":{"start":{"line":4,"column":0},"end":{"line":4,"column":67}},"4":{"start":{"line":5,"column":0},"end":{"line":5,"column":18}},"5":{"start":{"line":6,"column":0},"end":{"line":6,"column":19}},"6":{"start":{"line":7,"column":0},"end":{"line":7,"column":18}},"7":{"start":{"line":8,"column":0},"end":{"line":8,"column":20}},"8":{"start":{"line":9,"column":0},"end":{"line":9,"column":19}},"9":{"start":{"line":10,"column":0},"end":{"line":10,"column":25}},"10":{"start":{"line":11,"column":0},"end":{"line":11,"column":20}},"11":{"start":{"line":12,"column":0},"end":{"line":12,"column":19}},"12":{"start":{"line":13,"column":0},"end":{"line":13,"column":26}},"13":{"start":{"line":14,"column":0},"end":{"line":14,"column":25}},"14":{"start":{"line":15,"column":0},"end":{"line":15,"column":1}},"15":{"start":{"line":16,"column":0},"end":{"line":16,"column":0}},"16":{"start":{"line":17,"column":0},"end":{"line":17,"column":36}},"17":{"start":{"line":18,"column":0},"end":{"line":18,"column":64}},"18":{"start":{"line":19,"column":0},"end":{"line":19,"column":2}},"19":{"start":{"line":20,"column":0},"end":{"line":20,"column":0}},"20":{"start":{"line":21,"column":0},"end":{"line":21,"column":20}},"21":{"start":{"line":22,"column":0},"end":{"line":22,"column":0}},"22":{"start":{"line":23,"column":0},"end":{"line":23,"column":21}},"23":{"start":{"line":24,"column":0},"end":{"line":24,"column":19}},"24":{"start":{"line":25,"column":0},"end":{"line":25,"column":19}},"25":{"start":{"line":26,"column":0},"end":{"line":26,"column":21}},"26":{"start":{"line":27,"column":0},"end":{"line":27,"column":23}},"27":{"start":{"line":28,"column":0},"end":{"line":28,"column":19}},"28":{"start":{"line":29,"column":0},"end":{"line":29,"column":25}},"29":{"start":{"line":30,"column":0},"end":{"line":30,"column":20}},"30":{"start":{"line":31,"column":0},"end":{"line":31,"column":20}},"31":{"start":{"line":32,"column":0},"end":{"line":32,"column":23}},"32":{"start":{"line":33,"column":0},"end":{"line":33,"column":53}},"33":{"start":{"line":34,"column":0},"end":{"line":34,"column":2}}},"s":{"0":1,"1":1,"2":1,"3":1,"4":1,"5":1,"6":1,"7":1,"8":1,"9":1,"10":1,"11":1,"12":1,"13":1,"14":1,"15":1,"16":1,"17":2,"18":2,"19":1,"20":1,"21":1,"22":1,"23":1,"24":1,"25":1,"26":1,"27":1,"28":1,"29":1,"30":1,"31":1,"32":1,"33":1},"branchMap":{"0":{"type":"branch","line":17,"loc":{"start":{"line":17,"column":14},"end":{"line":19,"column":2}},"locations":[{"start":{"line":17,"column":14},"end":{"line":19,"column":2}}]}},"b":{"0":[2]},"fnMap":{"0":{"name":"Card","decl":{"start":{"line":17,"column":14},"end":{"line":19,"column":2}},"loc":{"start":{"line":17,"column":14},"end":{"line":19,"column":2}},"line":17}},"f":{"0":2}}
,"/Users/lakshaymalhotra/Documents/workspace/comp-lib/src/components/Input/index.styles.ts": {"path":"/Users/lakshaymalhotra/Documents/workspace/comp-lib/src/components/Input/index.styles.ts","all":false,"statementMap":{"0":{"start":{"line":1,"column":0},"end":{"line":1,"column":39}},"1":{"start":{"line":2,"column":0},"end":{"line":2,"column":0}},"2":{"start":{"line":3,"column":0},"end":{"line":3,"column":22}},"3":{"start":{"line":4,"column":0},"end":{"line":4,"column":18}},"4":{"start":{"line":5,"column":0},"end":{"line":5,"column":19}},"5":{"start":{"line":6,"column":0},"end":{"line":6,"column":17}},"6":{"start":{"line":7,"column":0},"end":{"line":7,"column":18}},"7":{"start":{"line":8,"column":0},"end":{"line":8,"column":25}},"8":{"start":{"line":9,"column":0},"end":{"line":9,"column":20}},"9":{"start":{"line":10,"column":0},"end":{"line":10,"column":26}},"10":{"start":{"line":11,"column":0},"end":{"line":11,"column":21}},"11":{"start":{"line":12,"column":0},"end":{"line":12,"column":23}},"12":{"start":{"line":13,"column":0},"end":{"line":13,"column":22}},"13":{"start":{"line":14,"column":0},"end":{"line":14,"column":19}},"14":{"start":{"line":15,"column":0},"end":{"line":15,"column":19}},"15":{"start":{"line":16,"column":0},"end":{"line":16,"column":1}},"16":{"start":{"line":17,"column":0},"end":{"line":17,"column":0}},"17":{"start":{"line":18,"column":0},"end":{"line":18,"column":45}},"18":{"start":{"line":19,"column":0},"end":{"line":19,"column":71}},"19":{"start":{"line":20,"column":0},"end":{"line":20,"column":37}},"20":{"start":{"line":21,"column":0},"end":{"line":21,"column":39}},"21":{"start":{"line":22,"column":0},"end":{"line":22,"column":41}},"22":{"start":{"line":23,"column":0},"end":{"line":23,"column":37}},"23":{"start":{"line":24,"column":0},"end":{"line":24,"column":39}},"24":{"start":{"line":25,"column":0},"end":{"line":25,"column":65}},"25":{"start":{"line":26,"column":0},"end":{"line":26,"column":0}},"26":{"start":{"line":27,"column":0},"end":{"line":27,"column":52}},"27":{"start":{"line":28,"column":0},"end":{"line":28,"column":0}},"28":{"start":{"line":29,"column":0},"end":{"line":29,"column":13}},"29":{"start":{"line":30,"column":0},"end":{"line":30,"column":41}},"30":{"start":{"line":31,"column":0},"end":{"line":31,"column":22}},"31":{"start":{"line":32,"column":0},"end":{"line":32,"column":5}},"32":{"start":{"line":33,"column":0},"end":{"line":33,"column":2}},"33":{"start":{"line":34,"column":0},"end":{"line":34,"column":0}},"34":{"start":{"line":35,"column":0},"end":{"line":35,"column":27}}},"s":{"0":1,"1":1,"2":1,"3":1,"4":1,"5":1,"6":1,"7":1,"8":1,"9":1,"10":1,"11":1,"12":1,"13":1,"14":1,"15":1,"16":1,"17":1,"18":1,"19":1,"20":1,"21":1,"22":1,"23":1,"24":1,"25":1,"26":1,"27":1,"28":1,"29":1,"30":1,"31":1,"32":1,"33":1,"34":1},"branchMap":{"0":{"type":"branch","line":19,"loc":{"start":{"line":19,"column":15},"end":{"line":19,"column":70}},"locations":[{"start":{"line":19,"column":15},"end":{"line":19,"column":70}}]},"1":{"type":"branch","line":19,"loc":{"start":{"line":19,"column":26},"end":{"line":19,"column":59}},"locations":[{"start":{"line":19,"column":26},"end":{"line":19,"column":59}}]},"2":{"type":"branch","line":20,"loc":{"start":{"line":20,"column":14},"end":{"line":20,"column":36}},"locations":[{"start":{"line":20,"column":14},"end":{"line":20,"column":36}}]},"3":{"type":"branch","line":21,"loc":{"start":{"line":21,"column":15},"end":{"line":21,"column":38}},"locations":[{"start":{"line":21,"column":15},"end":{"line":21,"column":38}}]},"4":{"type":"branch","line":22,"loc":{"start":{"line":22,"column":16},"end":{"line":22,"column":40}},"locations":[{"start":{"line":22,"column":16},"end":{"line":22,"column":40}}]},"5":{"type":"branch","line":23,"loc":{"start":{"line":23,"column":14},"end":{"line":23,"column":36}},"locations":[{"start":{"line":23,"column":14},"end":{"line":23,"column":36}}]},"6":{"type":"branch","line":24,"loc":{"start":{"line":24,"column":15},"end":{"line":24,"column":38}},"locations":[{"start":{"line":24,"column":15},"end":{"line":24,"column":38}}]},"7":{"type":"branch","line":25,"loc":{"start":{"line":25,"column":21},"end":{"line":25,"column":64}},"locations":[{"start":{"line":25,"column":21},"end":{"line":25,"column":64}}]},"8":{"type":"branch","line":25,"loc":{"start":{"line":25,"column":32},"end":{"line":25,"column":60}},"locations":[{"start":{"line":25,"column":32},"end":{"line":25,"column":60}}]},"9":{"type":"branch","line":25,"loc":{"start":{"line":25,"column":32},"end":{"line":25,"column":64}},"locations":[{"start":{"line":25,"column":32},"end":{"line":25,"column":64}}]},"10":{"type":"branch","line":27,"loc":{"start":{"line":27,"column":22},"end":{"line":27,"column":51}},"locations":[{"start":{"line":27,"column":22},"end":{"line":27,"column":51}}]}},"b":{"0":[5],"1":[0],"2":[5],"3":[5],"4":[5],"5":[5],"6":[5],"7":[5],"8":[1],"9":[4],"10":[5]},"fnMap":{"0":{"name":"Object.<anonymous>._default","decl":{"start":{"line":19,"column":15},"end":{"line":19,"column":70}},"loc":{"start":{"line":19,"column":15},"end":{"line":19,"column":70}},"line":19},"1":{"name":"Object.<anonymous>._default","decl":{"start":{"line":20,"column":14},"end":{"line":20,"column":36}},"loc":{"start":{"line":20,"column":14},"end":{"line":20,"column":36}},"line":20},"2":{"name":"Object.<anonymous>._default","decl":{"start":{"line":21,"column":15},"end":{"line":21,"column":38}},"loc":{"start":{"line":21,"column":15},"end":{"line":21,"column":38}},"line":21},"3":{"name":"Object.<anonymous>._default","decl":{"start":{"line":22,"column":16},"end":{"line":22,"column":40}},"loc":{"start":{"line":22,"column":16},"end":{"line":22,"column":40}},"line":22},"4":{"name":"Object.<anonymous>._default","decl":{"start":{"line":23,"column":14},"end":{"line":23,"column":36}},"loc":{"start":{"line":23,"column":14},"end":{"line":23,"column":36}},"line":23},"5":{"name":"Object.<anonymous>._default","decl":{"start":{"line":24,"column":15},"end":{"line":24,"column":38}},"loc":{"start":{"line":24,"column":15},"end":{"line":24,"column":38}},"line":24},"6":{"name":"Object.<anonymous>._default","decl":{"start":{"line":25,"column":21},"end":{"line":25,"column":64}},"loc":{"start":{"line":25,"column":21},"end":{"line":25,"column":64}},"line":25}},"f":{"0":5,"1":5,"2":5,"3":5,"4":5,"5":5,"6":5}}
,"/Users/lakshaymalhotra/Documents/workspace/comp-lib/src/components/Input/index.tsx": {"path":"/Users/lakshaymalhotra/Documents/workspace/comp-lib/src/components/Input/index.tsx","all":false,"statementMap":{"0":{"start":{"line":1,"column":0},"end":{"line":1,"column":46}},"1":{"start":{"line":2,"column":0},"end":{"line":2,"column":41}},"2":{"start":{"line":3,"column":0},"end":{"line":3,"column":0}},"3":{"start":{"line":4,"column":0},"end":{"line":4,"column":70}},"4":{"start":{"line":5,"column":0},"end":{"line":5,"column":17}},"5":{"start":{"line":6,"column":0},"end":{"line":6,"column":16}},"6":{"start":{"line":7,"column":0},"end":{"line":7,"column":18}},"7":{"start":{"line":8,"column":0},"end":{"line":8,"column":19}},"8":{"start":{"line":9,"column":0},"end":{"line":9,"column":17}},"9":{"start":{"line":10,"column":0},"end":{"line":10,"column":25}},"10":{"start":{"line":11,"column":0},"end":{"line":11,"column":18}},"11":{"start":{"line":12,"column":0},"end":{"line":12,"column":25}},"12":{"start":{"line":13,"column":0},"end":{"line":13,"column":20}},"13":{"start":{"line":14,"column":0},"end":{"line":14,"column":26}},"14":{"start":{"line":15,"column":0},"end":{"line":15,"column":21}},"15":{"start":{"line":16,"column":0},"end":{"line":16,"column":23}},"16":{"start":{"line":17,"column":0},"end":{"line":17,"column":22}},"17":{"start":{"line":18,"column":0},"end":{"line":18,"column":19}},"18":{"start":{"line":19,"column":0},"end":{"line":19,"column":19}},"19":{"start":{"line":20,"column":0},"end":{"line":20,"column":1}},"20":{"start":{"line":21,"column":0},"end":{"line":21,"column":0}},"21":{"start":{"line":22,"column":0},"end":{"line":22,"column":41}},"22":{"start":{"line":23,"column":0},"end":{"line":23,"column":38}},"23":{"start":{"line":24,"column":0},"end":{"line":24,"column":2}},"24":{"start":{"line":25,"column":0},"end":{"line":25,"column":0}},"25":{"start":{"line":26,"column":0},"end":{"line":26,"column":24}},"26":{"start":{"line":27,"column":0},"end":{"line":27,"column":0}},"27":{"start":{"line":28,"column":0},"end":{"line":28,"column":25}},"28":{"start":{"line":29,"column":0},"end":{"line":29,"column":13}},"29":{"start":{"line":30,"column":0},"end":{"line":30,"column":19}},"30":{"start":{"line":31,"column":0},"end":{"line":31,"column":19}},"31":{"start":{"line":32,"column":0},"end":{"line":32,"column":32}},"32":{"start":{"line":33,"column":0},"end":{"line":33,"column":24}},"33":{"start":{"line":34,"column":0},"end":{"line":34,"column":19}},"34":{"start":{"line":35,"column":0},"end":{"line":35,"column":20}},"35":{"start":{"line":36,"column":0},"end":{"line":36,"column":17}},"36":{"start":{"line":37,"column":0},"end":{"line":37,"column":23}},"37":{"start":{"line":38,"column":0},"end":{"line":38,"column":30}},"38":{"start":{"line":39,"column":0},"end":{"line":39,"column":2}}},"s":{"0":1,"1":1,"2":1,"3":1,"4":1,"5":1,"6":1,"7":1,"8":1,"9":1,"10":1,"11":1,"12":1,"13":1,"14":1,"15":1,"16":1,"17":1,"18":1,"19":1,"20":1,"21":1,"22":5,"23":5,"24":1,"25":1,"26":1,"27":1,"28":1,"29":1,"30":1,"31":1,"32":1,"33":1,"34":1,"35":1,"36":1,"37":1,"38":1},"branchMap":{"0":{"type":"branch","line":22,"loc":{"start":{"line":22,"column":18},"end":{"line":24,"column":2}},"locations":[{"start":{"line":22,"column":18},"end":{"line":24,"column":2}}]}},"b":{"0":[5]},"fnMap":{"0":{"name":"InputBox","decl":{"start":{"line":22,"column":18},"end":{"line":24,"column":2}},"loc":{"start":{"line":22,"column":18},"end":{"line":24,"column":2}},"line":22},"1":{"name":"onChange","decl":{"start":{"line":37,"column":14},"end":{"line":37,"column":23}},"loc":{"start":{"line":37,"column":14},"end":{"line":37,"column":23}},"line":37}},"f":{"0":5,"1":0}}
,"/Users/lakshaymalhotra/Documents/workspace/comp-lib/src/components/Select/index.styles.ts": {"path":"/Users/lakshaymalhotra/Documents/workspace/comp-lib/src/components/Select/index.styles.ts","all":false,"statementMap":{"0":{"start":{"line":1,"column":0},"end":{"line":1,"column":39}},"1":{"start":{"line":2,"column":0},"end":{"line":2,"column":0}},"2":{"start":{"line":3,"column":0},"end":{"line":3,"column":22}},"3":{"start":{"line":4,"column":0},"end":{"line":4,"column":17}},"4":{"start":{"line":5,"column":0},"end":{"line":5,"column":16}},"5":{"start":{"line":6,"column":0},"end":{"line":6,"column":18}},"6":{"start":{"line":7,"column":0},"end":{"line":7,"column":19}},"7":{"start":{"line":8,"column":0},"end":{"line":8,"column":20}},"8":{"start":{"line":9,"column":0},"end":{"line":9,"column":26}},"9":{"start":{"line":10,"column":0},"end":{"line":10,"column":21}},"10":{"start":{"line":11,"column":0},"end":{"line":11,"column":23}},"11":{"start":{"line":12,"column":0},"end":{"line":12,"column":22}},"12":{"start":{"line":13,"column":0},"end":{"line":13,"column":19}},"13":{"start":{"line":14,"column":0},"end":{"line":14,"column":1}},"14":{"start":{"line":15,"column":0},"end":{"line":15,"column":0}},"15":{"start":{"line":16,"column":0},"end":{"line":16,"column":47}},"16":{"start":{"line":17,"column":0},"end":{"line":17,"column":71}},"17":{"start":{"line":18,"column":0},"end":{"line":18,"column":37}},"18":{"start":{"line":19,"column":0},"end":{"line":19,"column":39}},"19":{"start":{"line":20,"column":0},"end":{"line":20,"column":41}},"20":{"start":{"line":21,"column":0},"end":{"line":21,"column":37}},"21":{"start":{"line":22,"column":0},"end":{"line":22,"column":39}},"22":{"start":{"line":23,"column":0},"end":{"line":23,"column":65}},"23":{"start":{"line":24,"column":0},"end":{"line":24,"column":0}},"24":{"start":{"line":25,"column":0},"end":{"line":25,"column":52}},"25":{"start":{"line":26,"column":0},"end":{"line":26,"column":0}},"26":{"start":{"line":27,"column":0},"end":{"line":27,"column":13}},"27":{"start":{"line":28,"column":0},"end":{"line":28,"column":41}},"28":{"start":{"line":29,"column":0},"end":{"line":29,"column":22}},"29":{"start":{"line":30,"column":0},"end":{"line":30,"column":5}},"30":{"start":{"line":31,"column":0},"end":{"line":31,"column":2}},"31":{"start":{"line":32,"column":0},"end":{"line":32,"column":0}},"32":{"start":{"line":33,"column":0},"end":{"line":33,"column":28}}},"s":{"0":1,"1":1,"2":1,"3":1,"4":1,"5":1,"6":1,"7":1,"8":1,"9":1,"10":1,"11":1,"12":1,"13":1,"14":1,"15":1,"16":1,"17":1,"18":1,"19":1,"20":1,"21":1,"22":1,"23":1,"24":1,"25":1,"26":1,"27":1,"28":1,"29":1,"30":1,"31":1,"32":1},"branchMap":{"0":{"type":"branch","line":17,"loc":{"start":{"line":17,"column":15},"end":{"line":17,"column":70}},"locations":[{"start":{"line":17,"column":15},"end":{"line":17,"column":70}}]},"1":{"type":"branch","line":17,"loc":{"start":{"line":17,"column":26},"end":{"line":17,"column":59}},"locations":[{"start":{"line":17,"column":26},"end":{"line":17,"column":59}}]},"2":{"type":"branch","line":17,"loc":{"start":{"line":17,"column":26},"end":{"line":17,"column":70}},"locations":[{"start":{"line":17,"column":26},"end":{"line":17,"column":70}}]},"3":{"type":"branch","line":18,"loc":{"start":{"line":18,"column":14},"end":{"line":18,"column":36}},"locations":[{"start":{"line":18,"column":14},"end":{"line":18,"column":36}}]},"4":{"type":"branch","line":19,"loc":{"start":{"line":19,"column":15},"end":{"line":19,"column":38}},"locations":[{"start":{"line":19,"column":15},"end":{"line":19,"column":38}}]},"5":{"type":"branch","line":20,"loc":{"start":{"line":20,"column":16},"end":{"line":20,"column":40}},"locations":[{"start":{"line":20,"column":16},"end":{"line":20,"column":40}}]},"6":{"type":"branch","line":21,"loc":{"start":{"line":21,"column":14},"end":{"line":21,"column":36}},"locations":[{"start":{"line":21,"column":14},"end":{"line":21,"column":36}}]},"7":{"type":"branch","line":22,"loc":{"start":{"line":22,"column":15},"end":{"line":22,"column":38}},"locations":[{"start":{"line":22,"column":15},"end":{"line":22,"column":38}}]},"8":{"type":"branch","line":23,"loc":{"start":{"line":23,"column":21},"end":{"line":23,"column":64}},"locations":[{"start":{"line":23,"column":21},"end":{"line":23,"column":64}}]},"9":{"type":"branch","line":23,"loc":{"start":{"line":23,"column":32},"end":{"line":23,"column":60}},"locations":[{"start":{"line":23,"column":32},"end":{"line":23,"column":60}}]},"10":{"type":"branch","line":23,"loc":{"start":{"line":23,"column":32},"end":{"line":23,"column":64}},"locations":[{"start":{"line":23,"column":32},"end":{"line":23,"column":64}}]},"11":{"type":"branch","line":25,"loc":{"start":{"line":25,"column":22},"end":{"line":25,"column":51}},"locations":[{"start":{"line":25,"column":22},"end":{"line":25,"column":51}}]}},"b":{"0":[3],"1":[1],"2":[2],"3":[3],"4":[3],"5":[3],"6":[3],"7":[3],"8":[3],"9":[1],"10":[2],"11":[3]},"fnMap":{"0":{"name":"Object.<anonymous>._default","decl":{"start":{"line":17,"column":15},"end":{"line":17,"column":70}},"loc":{"start":{"line":17,"column":15},"end":{"line":17,"column":70}},"line":17},"1":{"name":"Object.<anonymous>._default","decl":{"start":{"line":18,"column":14},"end":{"line":18,"column":36}},"loc":{"start":{"line":18,"column":14},"end":{"line":18,"column":36}},"line":18},"2":{"name":"Object.<anonymous>._default","decl":{"start":{"line":19,"column":15},"end":{"line":19,"column":38}},"loc":{"start":{"line":19,"column":15},"end":{"line":19,"column":38}},"line":19},"3":{"name":"Object.<anonymous>._default","decl":{"start":{"line":20,"column":16},"end":{"line":20,"column":40}},"loc":{"start":{"line":20,"column":16},"end":{"line":20,"column":40}},"line":20},"4":{"name":"Object.<anonymous>._default","decl":{"start":{"line":21,"column":14},"end":{"line":21,"column":36}},"loc":{"start":{"line":21,"column":14},"end":{"line":21,"column":36}},"line":21},"5":{"name":"Object.<anonymous>._default","decl":{"start":{"line":22,"column":15},"end":{"line":22,"column":38}},"loc":{"start":{"line":22,"column":15},"end":{"line":22,"column":38}},"line":22},"6":{"name":"Object.<anonymous>._default","decl":{"start":{"line":23,"column":21},"end":{"line":23,"column":64}},"loc":{"start":{"line":23,"column":21},"end":{"line":23,"column":64}},"line":23}},"f":{"0":3,"1":3,"2":3,"3":3,"4":3,"5":3,"6":3}}
,"/Users/lakshaymalhotra/Documents/workspace/comp-lib/src/components/Select/index.tsx": {"path":"/Users/lakshaymalhotra/Documents/workspace/comp-lib/src/components/Select/index.tsx","all":false,"statementMap":{"0":{"start":{"line":1,"column":0},"end":{"line":1,"column":46}},"1":{"start":{"line":2,"column":0},"end":{"line":2,"column":42}},"2":{"start":{"line":3,"column":0},"end":{"line":3,"column":0}},"3":{"start":{"line":4,"column":0},"end":{"line":4,"column":22}},"4":{"start":{"line":5,"column":0},"end":{"line":5,"column":24}},"5":{"start":{"line":6,"column":0},"end":{"line":6,"column":17}},"6":{"start":{"line":7,"column":0},"end":{"line":7,"column":18}},"7":{"start":{"line":8,"column":0},"end":{"line":8,"column":1}},"8":{"start":{"line":9,"column":0},"end":{"line":9,"column":0}},"9":{"start":{"line":10,"column":0},"end":{"line":10,"column":72}},"10":{"start":{"line":11,"column":0},"end":{"line":11,"column":26}},"11":{"start":{"line":12,"column":0},"end":{"line":12,"column":17}},"12":{"start":{"line":13,"column":0},"end":{"line":13,"column":16}},"13":{"start":{"line":14,"column":0},"end":{"line":14,"column":18}},"14":{"start":{"line":15,"column":0},"end":{"line":15,"column":19}},"15":{"start":{"line":16,"column":0},"end":{"line":16,"column":25}},"16":{"start":{"line":17,"column":0},"end":{"line":17,"column":20}},"17":{"start":{"line":18,"column":0},"end":{"line":18,"column":26}},"18":{"start":{"line":19,"column":0},"end":{"line":19,"column":21}},"19":{"start":{"line":20,"column":0},"end":{"line":20,"column":23}},"20":{"start":{"line":21,"column":0},"end":{"line":21,"column":22}},"21":{"start":{"line":22,"column":0},"end":{"line":22,"column":19}},"22":{"start":{"line":23,"column":0},"end":{"line":23,"column":19}},"23":{"start":{"line":24,"column":0},"end":{"line":24,"column":1}},"24":{"start":{"line":25,"column":0},"end":{"line":25,"column":0}},"25":{"start":{"line":26,"column":0},"end":{"line":26,"column":43}},"26":{"start":{"line":27,"column":0},"end":{"line":27,"column":12}},"27":{"start":{"line":28,"column":0},"end":{"line":28,"column":33}},"28":{"start":{"line":29,"column":0},"end":{"line":29,"column":54}},"29":{"start":{"line":30,"column":0},"end":{"line":30,"column":37}},"30":{"start":{"line":31,"column":0},"end":{"line":31,"column":45}},"31":{"start":{"line":32,"column":0},"end":{"line":32,"column":61}},"32":{"start":{"line":33,"column":0},"end":{"line":33,"column":35}},"33":{"start":{"line":34,"column":0},"end":{"line":34,"column":29}},"34":{"start":{"line":35,"column":0},"end":{"line":35,"column":18}},"35":{"start":{"line":36,"column":0},"end":{"line":36,"column":17}},"36":{"start":{"line":37,"column":0},"end":{"line":37,"column":61}},"37":{"start":{"line":38,"column":0},"end":{"line":38,"column":14}},"38":{"start":{"line":39,"column":0},"end":{"line":39,"column":23}},"39":{"start":{"line":40,"column":0},"end":{"line":40,"column":6}},"40":{"start":{"line":41,"column":0},"end":{"line":41,"column":2}},"41":{"start":{"line":42,"column":0},"end":{"line":42,"column":0}},"42":{"start":{"line":43,"column":0},"end":{"line":43,"column":25}},"43":{"start":{"line":44,"column":0},"end":{"line":44,"column":0}},"44":{"start":{"line":45,"column":0},"end":{"line":45,"column":26}},"45":{"start":{"line":46,"column":0},"end":{"line":46,"column":14}},"46":{"start":{"line":47,"column":0},"end":{"line":47,"column":9}},"47":{"start":{"line":48,"column":0},"end":{"line":48,"column":18}},"48":{"start":{"line":49,"column":0},"end":{"line":49,"column":27}},"49":{"start":{"line":50,"column":0},"end":{"line":50,"column":28}},"50":{"start":{"line":51,"column":0},"end":{"line":51,"column":10}},"51":{"start":{"line":52,"column":0},"end":{"line":52,"column":9}},"52":{"start":{"line":53,"column":0},"end":{"line":53,"column":18}},"53":{"start":{"line":54,"column":0},"end":{"line":54,"column":27}},"54":{"start":{"line":55,"column":0},"end":{"line":55,"column":28}},"55":{"start":{"line":56,"column":0},"end":{"line":56,"column":10}},"56":{"start":{"line":57,"column":0},"end":{"line":57,"column":6}},"57":{"start":{"line":58,"column":0},"end":{"line":58,"column":23}},"58":{"start":{"line":59,"column":0},"end":{"line":59,"column":19}},"59":{"start":{"line":60,"column":0},"end":{"line":60,"column":19}},"60":{"start":{"line":61,"column":0},"end":{"line":61,"column":32}},"61":{"start":{"line":62,"column":0},"end":{"line":62,"column":24}},"62":{"start":{"line":63,"column":0},"end":{"line":63,"column":19}},"63":{"start":{"line":64,"column":0},"end":{"line":64,"column":20}},"64":{"start":{"line":65,"column":0},"end":{"line":65,"column":23}},"65":{"start":{"line":66,"column":0},"end":{"line":66,"column":2}}},"s":{"0":1,"1":1,"2":1,"3":1,"4":1,"5":1,"6":1,"7":1,"8":1,"9":1,"10":1,"11":1,"12":1,"13":1,"14":1,"15":1,"16":1,"17":1,"18":1,"19":1,"20":1,"21":1,"22":1,"23":1,"24":1,"25":1,"26":3,"27":3,"28":3,"29":3,"30":0,"31":0,"32":0,"33":0,"34":0,"35":0,"36":3,"37":3,"38":3,"39":3,"40":3,"41":1,"42":1,"43":1,"44":1,"45":1,"46":1,"47":1,"48":1,"49":1,"50":1,"51":1,"52":1,"53":1,"54":1,"55":1,"56":1,"57":1,"58":1,"59":1,"60":1,"61":1,"62":1,"63":1,"64":1,"65":1},"branchMap":{"0":{"type":"branch","line":26,"loc":{"start":{"line":26,"column":19},"end":{"line":41,"column":2}},"locations":[{"start":{"line":26,"column":19},"end":{"line":41,"column":2}}]},"1":{"type":"branch","line":30,"loc":{"start":{"line":30,"column":13},"end":{"line":37,"column":24}},"locations":[{"start":{"line":30,"column":13},"end":{"line":37,"column":24}}]},"2":{"type":"branch","line":31,"loc":{"start":{"line":31,"column":35},"end":{"line":32,"column":28}},"locations":[{"start":{"line":31,"column":35},"end":{"line":32,"column":28}}]}},"b":{"0":[3],"1":[0],"2":[6]},"fnMap":{"0":{"name":"SelectBox","decl":{"start":{"line":26,"column":19},"end":{"line":41,"column":2}},"loc":{"start":{"line":26,"column":19},"end":{"line":41,"column":2}},"line":26},"1":{"name":"onChange","decl":{"start":{"line":65,"column":14},"end":{"line":65,"column":23}},"loc":{"start":{"line":65,"column":14},"end":{"line":65,"column":23}},"line":65}},"f":{"0":3,"1":0}}
,"/Users/lakshaymalhotra/Documents/workspace/comp-lib/src/components/Select/index.util.ts": {"path":"/Users/lakshaymalhotra/Documents/workspace/comp-lib/src/components/Select/index.util.ts","all":false,"statementMap":{"0":{"start":{"line":1,"column":0},"end":{"line":1,"column":27}},"1":{"start":{"line":2,"column":0},"end":{"line":2,"column":14}},"2":{"start":{"line":3,"column":0},"end":{"line":3,"column":9}},"3":{"start":{"line":4,"column":0},"end":{"line":4,"column":18}},"4":{"start":{"line":5,"column":0},"end":{"line":5,"column":27}},"5":{"start":{"line":6,"column":0},"end":{"line":6,"column":28}},"6":{"start":{"line":7,"column":0},"end":{"line":7,"column":10}},"7":{"start":{"line":8,"column":0},"end":{"line":8,"column":9}},"8":{"start":{"line":9,"column":0},"end":{"line":9,"column":18}},"9":{"start":{"line":10,"column":0},"end":{"line":10,"column":27}},"10":{"start":{"line":11,"column":0},"end":{"line":11,"column":28}},"11":{"start":{"line":12,"column":0},"end":{"line":12,"column":10}},"12":{"start":{"line":13,"column":0},"end":{"line":13,"column":6}},"13":{"start":{"line":14,"column":0},"end":{"line":14,"column":13}},"14":{"start":{"line":15,"column":0},"end":{"line":15,"column":19}},"15":{"start":{"line":16,"column":0},"end":{"line":16,"column":19}},"16":{"start":{"line":17,"column":0},"end":{"line":17,"column":32}},"17":{"start":{"line":18,"column":0},"end":{"line":18,"column":24}},"18":{"start":{"line":19,"column":0},"end":{"line":19,"column":19}},"19":{"start":{"line":20,"column":0},"end":{"line":20,"column":20}},"20":{"start":{"line":21,"column":0},"end":{"line":21,"column":24}},"21":{"start":{"line":22,"column":0},"end":{"line":22,"column":2}}},"s":{"0":1,"1":1,"2":1,"3":1,"4":1,"5":1,"6":1,"7":1,"8":1,"9":1,"10":1,"11":1,"12":1,"13":1,"14":1,"15":1,"16":1,"17":1,"18":1,"19":1,"20":1,"21":1},"branchMap":{},"b":{},"fnMap":{"0":{"name":"onChange","decl":{"start":{"line":21,"column":14},"end":{"line":21,"column":24}},"loc":{"start":{"line":21,"column":14},"end":{"line":21,"column":24}},"line":21}},"f":{"0":0}}
}
