TN:
SF:src/components/index.ts
FN:1,(empty-report)
FNF:1
FNH:0
FNDA:0,(empty-report)
DA:1,0
DA:2,0
DA:3,0
DA:4,0
DA:5,0
LF:5
LH:0
BRDA:1,0,0,0
BRF:1
BRH:0
end_of_record
TN:
SF:src/components/Avatar/index.styles.ts
FN:14,Object.<anonymous>._default
FN:15,Object.<anonymous>._default
FN:16,Object.<anonymous>._default
FN:17,Object.<anonymous>._default
FN:18,Object.<anonymous>._default
FN:20,Object.<anonymous>._default
FN:21,Object.<anonymous>._default
FNF:7
FNH:7
FNDA:4,Object.<anonymous>._default
FNDA:4,Object.<anonymous>._default
FNDA:4,Object.<anonymous>._default
FNDA:4,Object.<anonymous>._default
FNDA:4,Object.<anonymous>._default
FNDA:4,Object.<anonymous>._default
FNDA:4,Object.<anonymous>._default
DA:1,1
DA:2,1
DA:3,1
DA:4,1
DA:5,1
DA:6,1
DA:7,1
DA:8,1
DA:9,1
DA:10,1
DA:11,1
DA:12,1
DA:13,1
DA:14,1
DA:15,1
DA:16,1
DA:17,1
DA:18,1
DA:19,1
DA:20,1
DA:21,1
DA:22,1
DA:23,1
DA:24,1
DA:25,1
DA:26,1
DA:27,1
DA:28,1
DA:29,1
DA:30,1
DA:31,1
DA:32,1
DA:33,1
DA:34,1
DA:35,1
LF:35
LH:35
BRDA:14,0,0,4
BRDA:14,1,0,1
BRDA:14,2,0,3
BRDA:15,3,0,4
BRDA:16,4,0,4
BRDA:17,5,0,4
BRDA:18,6,0,4
BRDA:20,7,0,4
BRDA:21,8,0,4
BRDA:30,9,0,4
BRDA:31,10,0,0
BRF:11
BRH:10
end_of_record
TN:
SF:src/components/Avatar/index.tsx
FN:16,Avatar
FNF:1
FNH:1
FNDA:4,Avatar
DA:1,1
DA:2,1
DA:3,1
DA:4,1
DA:5,1
DA:6,1
DA:7,1
DA:8,1
DA:9,1
DA:10,1
DA:11,1
DA:12,1
DA:13,1
DA:14,1
DA:15,1
DA:16,1
DA:17,4
DA:18,4
DA:19,4
DA:20,4
DA:21,4
DA:22,4
DA:23,1
DA:24,1
DA:25,1
DA:26,1
DA:27,1
DA:28,1
DA:29,1
DA:30,1
DA:31,1
DA:32,1
DA:33,1
DA:34,1
DA:35,1
LF:35
LH:35
BRDA:16,0,0,4
BRF:1
BRH:1
end_of_record
TN:
SF:src/components/Button/index.styles.ts
FN:15,Object.<anonymous>._default
FN:16,Object.<anonymous>._default
FN:17,Object.<anonymous>._default
FN:18,Object.<anonymous>._default
FN:19,Object.<anonymous>._default
FN:20,Object.<anonymous>._default
FN:22,Object.<anonymous>._default
FNF:7
FNH:7
FNDA:2,Object.<anonymous>._default
FNDA:2,Object.<anonymous>._default
FNDA:2,Object.<anonymous>._default
FNDA:2,Object.<anonymous>._default
FNDA:2,Object.<anonymous>._default
FNDA:2,Object.<anonymous>._default
FNDA:2,Object.<anonymous>._default
DA:1,1
DA:2,1
DA:3,1
DA:4,1
DA:5,1
DA:6,1
DA:7,1
DA:8,1
DA:9,1
DA:10,1
DA:11,1
DA:12,1
DA:13,1
DA:14,1
DA:15,1
DA:16,1
DA:17,1
DA:18,1
DA:19,1
DA:20,1
DA:21,1
DA:22,1
DA:23,1
DA:24,1
DA:25,1
DA:26,1
LF:26
LH:26
BRDA:15,0,0,2
BRDA:15,1,0,1
BRDA:15,2,0,1
BRDA:16,3,0,2
BRDA:17,4,0,2
BRDA:18,5,0,2
BRDA:19,6,0,2
BRDA:20,7,0,2
BRDA:21,8,0,1
BRDA:21,9,0,1
BRDA:22,10,0,2
BRDA:23,11,0,2
BRF:12
BRH:12
end_of_record
TN:
SF:src/components/Button/index.tsx
FN:16,Button
FNF:1
FNH:1
FNDA:2,Button
DA:1,1
DA:2,1
DA:3,1
DA:4,1
DA:5,1
DA:6,1
DA:7,1
DA:8,1
DA:9,1
DA:10,1
DA:11,1
DA:12,1
DA:13,1
DA:14,1
DA:15,1
DA:16,1
DA:17,2
DA:18,2
DA:19,1
DA:20,1
DA:21,1
DA:22,1
DA:23,1
DA:24,1
DA:25,1
DA:26,1
DA:27,1
DA:28,1
DA:29,1
DA:30,1
DA:31,1
DA:32,1
LF:32
LH:32
BRDA:16,0,0,2
BRF:1
BRH:1
end_of_record
TN:
SF:src/components/Card/index.styles.ts
FN:16,Object.<anonymous>._default
FN:17,Object.<anonymous>._default
FN:18,Object.<anonymous>._default
FN:19,Object.<anonymous>._default
FN:20,Object.<anonymous>._default
FN:21,Object.<anonymous>._default
FN:22,Object.<anonymous>._default
FN:23,Object.<anonymous>._default
FNF:8
FNH:8
FNDA:2,Object.<anonymous>._default
FNDA:2,Object.<anonymous>._default
FNDA:2,Object.<anonymous>._default
FNDA:2,Object.<anonymous>._default
FNDA:2,Object.<anonymous>._default
FNDA:2,Object.<anonymous>._default
FNDA:2,Object.<anonymous>._default
FNDA:2,Object.<anonymous>._default
DA:1,1
DA:2,1
DA:3,1
DA:4,1
DA:5,1
DA:6,1
DA:7,1
DA:8,1
DA:9,1
DA:10,1
DA:11,1
DA:12,1
DA:13,1
DA:14,1
DA:15,1
DA:16,1
DA:17,1
DA:18,1
DA:19,1
DA:20,1
DA:21,1
DA:22,1
DA:23,1
DA:24,1
DA:25,1
DA:26,1
DA:27,1
LF:27
LH:27
BRDA:16,0,0,2
BRDA:17,1,0,2
BRDA:18,2,0,2
BRDA:19,3,0,2
BRDA:20,4,0,2
BRDA:21,5,0,2
BRDA:22,6,0,2
BRDA:23,7,0,2
BRDA:24,8,0,2
BRDA:24,9,0,1
BRDA:24,10,0,1
BRF:11
BRH:11
end_of_record
TN:
SF:src/components/Card/index.tsx
FN:17,Card
FNF:1
FNH:1
FNDA:2,Card
DA:1,1
DA:2,1
DA:3,1
DA:4,1
DA:5,1
DA:6,1
DA:7,1
DA:8,1
DA:9,1
DA:10,1
DA:11,1
DA:12,1
DA:13,1
DA:14,1
DA:15,1
DA:16,1
DA:17,1
DA:18,2
DA:19,2
DA:20,1
DA:21,1
DA:22,1
DA:23,1
DA:24,1
DA:25,1
DA:26,1
DA:27,1
DA:28,1
DA:29,1
DA:30,1
DA:31,1
DA:32,1
DA:33,1
DA:34,1
LF:34
LH:34
BRDA:17,0,0,2
BRF:1
BRH:1
end_of_record
TN:
SF:src/components/Input/index.styles.ts
FN:19,Object.<anonymous>._default
FN:20,Object.<anonymous>._default
FN:21,Object.<anonymous>._default
FN:22,Object.<anonymous>._default
FN:23,Object.<anonymous>._default
FN:24,Object.<anonymous>._default
FN:25,Object.<anonymous>._default
FNF:7
FNH:7
FNDA:5,Object.<anonymous>._default
FNDA:5,Object.<anonymous>._default
FNDA:5,Object.<anonymous>._default
FNDA:5,Object.<anonymous>._default
FNDA:5,Object.<anonymous>._default
FNDA:5,Object.<anonymous>._default
FNDA:5,Object.<anonymous>._default
DA:1,1
DA:2,1
DA:3,1
DA:4,1
DA:5,1
DA:6,1
DA:7,1
DA:8,1
DA:9,1
DA:10,1
DA:11,1
DA:12,1
DA:13,1
DA:14,1
DA:15,1
DA:16,1
DA:17,1
DA:18,1
DA:19,1
DA:20,1
DA:21,1
DA:22,1
DA:23,1
DA:24,1
DA:25,1
DA:26,1
DA:27,1
DA:28,1
DA:29,1
DA:30,1
DA:31,1
DA:32,1
DA:33,1
DA:34,1
DA:35,1
LF:35
LH:35
BRDA:19,0,0,5
BRDA:19,1,0,0
BRDA:20,2,0,5
BRDA:21,3,0,5
BRDA:22,4,0,5
BRDA:23,5,0,5
BRDA:24,6,0,5
BRDA:25,7,0,5
BRDA:25,8,0,1
BRDA:25,9,0,4
BRDA:27,10,0,5
BRF:11
BRH:10
end_of_record
TN:
SF:src/components/Input/index.tsx
FN:22,InputBox
FN:37,onChange
FNF:2
FNH:1
FNDA:5,InputBox
FNDA:0,onChange
DA:1,1
DA:2,1
DA:3,1
DA:4,1
DA:5,1
DA:6,1
DA:7,1
DA:8,1
DA:9,1
DA:10,1
DA:11,1
DA:12,1
DA:13,1
DA:14,1
DA:15,1
DA:16,1
DA:17,1
DA:18,1
DA:19,1
DA:20,1
DA:21,1
DA:22,1
DA:23,5
DA:24,5
DA:25,1
DA:26,1
DA:27,1
DA:28,1
DA:29,1
DA:30,1
DA:31,1
DA:32,1
DA:33,1
DA:34,1
DA:35,1
DA:36,1
DA:37,1
DA:38,1
DA:39,1
LF:39
LH:39
BRDA:22,0,0,5
BRF:1
BRH:1
end_of_record
TN:
SF:src/components/Select/index.styles.ts
FN:17,Object.<anonymous>._default
FN:18,Object.<anonymous>._default
FN:19,Object.<anonymous>._default
FN:20,Object.<anonymous>._default
FN:21,Object.<anonymous>._default
FN:22,Object.<anonymous>._default
FN:23,Object.<anonymous>._default
FNF:7
FNH:7
FNDA:3,Object.<anonymous>._default
FNDA:3,Object.<anonymous>._default
FNDA:3,Object.<anonymous>._default
FNDA:3,Object.<anonymous>._default
FNDA:3,Object.<anonymous>._default
FNDA:3,Object.<anonymous>._default
FNDA:3,Object.<anonymous>._default
DA:1,1
DA:2,1
DA:3,1
DA:4,1
DA:5,1
DA:6,1
DA:7,1
DA:8,1
DA:9,1
DA:10,1
DA:11,1
DA:12,1
DA:13,1
DA:14,1
DA:15,1
DA:16,1
DA:17,1
DA:18,1
DA:19,1
DA:20,1
DA:21,1
DA:22,1
DA:23,1
DA:24,1
DA:25,1
DA:26,1
DA:27,1
DA:28,1
DA:29,1
DA:30,1
DA:31,1
DA:32,1
DA:33,1
LF:33
LH:33
BRDA:17,0,0,3
BRDA:17,1,0,1
BRDA:17,2,0,2
BRDA:18,3,0,3
BRDA:19,4,0,3
BRDA:20,5,0,3
BRDA:21,6,0,3
BRDA:22,7,0,3
BRDA:23,8,0,3
BRDA:23,9,0,1
BRDA:23,10,0,2
BRDA:25,11,0,3
BRF:12
BRH:12
end_of_record
TN:
SF:src/components/Select/index.tsx
FN:26,SelectBox
FN:65,onChange
FNF:2
FNH:1
FNDA:3,SelectBox
FNDA:0,onChange
DA:1,1
DA:2,1
DA:3,1
DA:4,1
DA:5,1
DA:6,1
DA:7,1
DA:8,1
DA:9,1
DA:10,1
DA:11,1
DA:12,1
DA:13,1
DA:14,1
DA:15,1
DA:16,1
DA:17,1
DA:18,1
DA:19,1
DA:20,1
DA:21,1
DA:22,1
DA:23,1
DA:24,1
DA:25,1
DA:26,1
DA:27,3
DA:28,3
DA:29,3
DA:30,3
DA:31,0
DA:32,0
DA:33,0
DA:34,0
DA:35,0
DA:36,0
DA:37,3
DA:38,3
DA:39,3
DA:40,3
DA:41,3
DA:42,1
DA:43,1
DA:44,1
DA:45,1
DA:46,1
DA:47,1
DA:48,1
DA:49,1
DA:50,1
DA:51,1
DA:52,1
DA:53,1
DA:54,1
DA:55,1
DA:56,1
DA:57,1
DA:58,1
DA:59,1
DA:60,1
DA:61,1
DA:62,1
DA:63,1
DA:64,1
DA:65,1
DA:66,1
LF:66
LH:60
BRDA:26,0,0,3
BRDA:30,1,0,0
BRDA:31,2,0,6
BRF:3
BRH:2
end_of_record
TN:
SF:src/components/Select/index.util.ts
FN:21,onChange
FNF:1
FNH:0
FNDA:0,onChange
DA:1,1
DA:2,1
DA:3,1
DA:4,1
DA:5,1
DA:6,1
DA:7,1
DA:8,1
DA:9,1
DA:10,1
DA:11,1
DA:12,1
DA:13,1
DA:14,1
DA:15,1
DA:16,1
DA:17,1
DA:18,1
DA:19,1
DA:20,1
DA:21,1
DA:22,1
LF:22
LH:22
BRF:0
BRH:0
end_of_record
