TN:
SF:src/components/Avatar/index.styles.ts
FN:14,Object.<anonymous>._default
FN:15,Object.<anonymous>._default
FN:16,Object.<anonymous>._default
FN:17,Object.<anonymous>._default
FN:18,Object.<anonymous>._default
FN:20,Object.<anonymous>._default
FN:21,Object.<anonymous>._default
FNF:7
FNH:0
FNDA:0,Object.<anonymous>._default
FNDA:0,Object.<anonymous>._default
FNDA:0,Object.<anonymous>._default
FNDA:0,Object.<anonymous>._default
FNDA:0,Object.<anonymous>._default
FNDA:0,Object.<anonymous>._default
FNDA:0,Object.<anonymous>._default
DA:1,1
DA:2,1
DA:3,1
DA:4,1
DA:5,1
DA:6,1
DA:7,1
DA:8,1
DA:9,1
DA:10,1
DA:11,1
DA:12,1
DA:13,1
DA:14,1
DA:15,1
DA:16,1
DA:17,1
DA:18,1
DA:19,1
DA:20,1
DA:21,1
DA:22,1
DA:23,1
DA:24,1
DA:25,1
DA:26,1
DA:27,1
DA:28,1
DA:29,1
DA:30,1
DA:31,1
DA:32,1
DA:33,1
DA:34,1
DA:35,1
LF:35
LH:35
BRF:0
BRH:0
end_of_record
TN:
SF:src/components/Button/index.styles.ts
FN:15,Object.<anonymous>._default
FN:16,Object.<anonymous>._default
FN:17,Object.<anonymous>._default
FN:18,Object.<anonymous>._default
FN:19,Object.<anonymous>._default
FN:20,Object.<anonymous>._default
FN:22,Object.<anonymous>._default
FNF:7
FNH:0
FNDA:0,Object.<anonymous>._default
FNDA:0,Object.<anonymous>._default
FNDA:0,Object.<anonymous>._default
FNDA:0,Object.<anonymous>._default
FNDA:0,Object.<anonymous>._default
FNDA:0,Object.<anonymous>._default
FNDA:0,Object.<anonymous>._default
DA:1,1
DA:2,1
DA:3,1
DA:4,1
DA:5,1
DA:6,1
DA:7,1
DA:8,1
DA:9,1
DA:10,1
DA:11,1
DA:12,1
DA:13,1
DA:14,1
DA:15,1
DA:16,1
DA:17,1
DA:18,1
DA:19,1
DA:20,1
DA:21,1
DA:22,1
DA:23,1
DA:24,1
DA:25,1
DA:26,1
LF:26
LH:26
BRF:0
BRH:0
end_of_record
TN:
SF:src/components/Card/index.styles.ts
FN:16,Object.<anonymous>._default
FN:17,Object.<anonymous>._default
FN:18,Object.<anonymous>._default
FN:19,Object.<anonymous>._default
FN:20,Object.<anonymous>._default
FN:21,Object.<anonymous>._default
FN:22,Object.<anonymous>._default
FN:23,Object.<anonymous>._default
FNF:8
FNH:0
FNDA:0,Object.<anonymous>._default
FNDA:0,Object.<anonymous>._default
FNDA:0,Object.<anonymous>._default
FNDA:0,Object.<anonymous>._default
FNDA:0,Object.<anonymous>._default
FNDA:0,Object.<anonymous>._default
FNDA:0,Object.<anonymous>._default
FNDA:0,Object.<anonymous>._default
DA:1,1
DA:2,1
DA:3,1
DA:4,1
DA:5,1
DA:6,1
DA:7,1
DA:8,1
DA:9,1
DA:10,1
DA:11,1
DA:12,1
DA:13,1
DA:14,1
DA:15,1
DA:16,1
DA:17,1
DA:18,1
DA:19,1
DA:20,1
DA:21,1
DA:22,1
DA:23,1
DA:24,1
DA:25,1
DA:26,1
DA:27,1
LF:27
LH:27
BRF:0
BRH:0
end_of_record
TN:
SF:src/components/Input/index.styles.ts
FN:19,Object.<anonymous>._default
FN:20,Object.<anonymous>._default
FN:21,Object.<anonymous>._default
FN:22,Object.<anonymous>._default
FN:23,Object.<anonymous>._default
FN:24,Object.<anonymous>._default
FN:25,Object.<anonymous>._default
FNF:7
FNH:0
FNDA:0,Object.<anonymous>._default
FNDA:0,Object.<anonymous>._default
FNDA:0,Object.<anonymous>._default
FNDA:0,Object.<anonymous>._default
FNDA:0,Object.<anonymous>._default
FNDA:0,Object.<anonymous>._default
FNDA:0,Object.<anonymous>._default
DA:1,1
DA:2,1
DA:3,1
DA:4,1
DA:5,1
DA:6,1
DA:7,1
DA:8,1
DA:9,1
DA:10,1
DA:11,1
DA:12,1
DA:13,1
DA:14,1
DA:15,1
DA:16,1
DA:17,1
DA:18,1
DA:19,1
DA:20,1
DA:21,1
DA:22,1
DA:23,1
DA:24,1
DA:25,1
DA:26,1
DA:27,1
DA:28,1
DA:29,1
DA:30,1
DA:31,1
DA:32,1
DA:33,1
DA:34,1
DA:35,1
LF:35
LH:35
BRF:0
BRH:0
end_of_record
TN:
SF:src/components/Select/index.styles.ts
FN:17,Object.<anonymous>._default
FN:18,Object.<anonymous>._default
FN:19,Object.<anonymous>._default
FN:20,Object.<anonymous>._default
FN:21,Object.<anonymous>._default
FN:22,Object.<anonymous>._default
FN:23,Object.<anonymous>._default
FNF:7
FNH:0
FNDA:0,Object.<anonymous>._default
FNDA:0,Object.<anonymous>._default
FNDA:0,Object.<anonymous>._default
FNDA:0,Object.<anonymous>._default
FNDA:0,Object.<anonymous>._default
FNDA:0,Object.<anonymous>._default
FNDA:0,Object.<anonymous>._default
DA:1,1
DA:2,1
DA:3,1
DA:4,1
DA:5,1
DA:6,1
DA:7,1
DA:8,1
DA:9,1
DA:10,1
DA:11,1
DA:12,1
DA:13,1
DA:14,1
DA:15,1
DA:16,1
DA:17,1
DA:18,1
DA:19,1
DA:20,1
DA:21,1
DA:22,1
DA:23,1
DA:24,1
DA:25,1
DA:26,1
DA:27,1
DA:28,1
DA:29,1
DA:30,1
DA:31,1
DA:32,1
DA:33,1
LF:33
LH:33
BRF:0
BRH:0
end_of_record
